\BOOKMARK [1][-]{section.1}{\376\377\0001\000\040\004\027\004\062\004\126\004\102\000\040\004\067\000\040\004\073\004\060\004\061\004\076\004\100\004\060\004\102\004\076\004\100\004\075\004\076\004\127\000\040\004\100\004\076\004\061\004\076\004\102\004\070\000\040\041\026\0002}{}% 1
\BOOKMARK [2][-]{subsection.1.1}{\376\377\0001\000.\0001\000\040\004\037\004\076\004\101\004\102\004\060\004\075\004\076\004\062\004\072\004\060\000\040\004\067\004\060\004\064\004\060\004\107\004\126}{section.1}% 2
\BOOKMARK [2][-]{subsection.1.2}{\376\377\0001\000.\0002\000\040\004\042\004\065\004\076\004\100\004\065\004\102\004\070\004\107\004\075\004\126\000\040\004\062\004\126\004\064\004\076\004\074\004\076\004\101\004\102\004\126}{section.1}% 3
\BOOKMARK [2][-]{subsection.1.3}{\376\377\0001\000.\0003\000\040\004\040\004\065\004\067\004\103\004\073\004\114\004\102\004\060\004\102\000\040\004\100\004\076\004\061\004\076\004\102\004\070\000\040\004\077\004\100\004\076\004\063\004\100\004\060\004\074\004\070}{section.1}% 4
\BOOKMARK [1][-]{section.2}{\376\377\0002\000\040\004\020\004\073\004\104\004\060\004\062\004\126\004\102\004\075\004\070\004\071\000\040\004\077\004\076\004\072\004\060\004\066\004\107\004\070\004\072\000\040\004\077\004\100\004\076\004\101\004\102\004\076\004\100\004\103\000\040\004\126\004\074\004\065\004\075}{}% 5
\BOOKMARK [2][-]{subsection.2.1}{\376\377\0002\000.\0001\000\040\004\037\004\100\004\076\004\101\004\102\004\126\004\100\000\040\004\126\004\074\004\065\004\075}{section.2}% 6
\BOOKMARK [1][-]{section.3}{\376\377\0003\000\040\004\020\004\073\004\104\004\060\004\062\004\126\004\102\004\075\004\070\004\071\000\040\004\077\004\076\004\072\004\060\004\066\004\107\004\070\004\072\000\040\004\072\004\073\004\060\004\101\004\126\004\062}{}% 7
\BOOKMARK [2][-]{subsection.3.1}{\376\377\0003\000.\0001\000\040\004\032\004\073\004\060\004\101\004\070}{section.3}% 8
\BOOKMARK [1][-]{section.4}{\376\377\0004\000\040\004\037\004\076\004\072\004\060\004\066\004\107\004\070\004\072\000\040\004\104\004\060\004\071\004\073\004\062}{}% 9
\BOOKMARK [2][-]{subsection.4.1}{\376\377\0004\000.\0001\000\040\004\044\004\060\004\071\004\073\004\070}{section.4}% 10
\BOOKMARK [1][-]{section.5}{\376\377\0005\000\040\004\036\004\077\004\070\004\101\000\040\004\077\004\100\004\076\004\101\004\102\004\076\004\100\004\103\000\040\004\126\004\074\004\065\004\075}{}% 11
\BOOKMARK [2][-]{subsection.5.1}{\376\377\0005\000.\0001\000\040\004\037\004\100\004\076\004\101\004\102\004\126\004\100\000\040\004\126\004\074\004\065\004\075\000\040\000m\000a\000i\000n}{section.5}% 12
\BOOKMARK [3][-]{subsubsection.5.1.1}{\376\377\0005\000.\0001\000.\0001\000\040\004\036\004\077\004\070\004\101\000\040\004\067\004\074\004\126\004\075\004\075\004\070\004\105}{subsection.5.1}% 13
\BOOKMARK [1][-]{section.6}{\376\377\0006\000\040\004\032\004\073\004\060\004\101\004\070}{}% 14
\BOOKMARK [2][-]{subsection.6.1}{\376\377\0006\000.\0001\000\040\004\032\004\073\004\060\004\101\000\040\000I\000m\000a\000g\000e}{section.6}% 15
\BOOKMARK [3][-]{subsubsection.6.1.1}{\376\377\0006\000.\0001\000.\0001\000\040\004\024\004\065\004\102\004\060\004\073\004\114\004\075\004\070\004\071\000\040\004\076\004\077\004\070\004\101}{subsection.6.1}% 16
\BOOKMARK [3][-]{subsubsection.6.1.2}{\376\377\0006\000.\0001\000.\0002\000\040\004\032\004\076\004\075\004\101\004\102\004\100\004\103\004\072\004\102\004\076\004\100\000\050\004\070\000\051}{subsection.6.1}% 17
\BOOKMARK [3][-]{subsubsection.6.1.3}{\376\377\0006\000.\0001\000.\0003\000\040\004\036\004\077\004\070\004\101\000\040\004\074\004\065\004\102\004\076\004\064\004\126\004\062\000\040\004\072\004\076\004\074\004\077\004\076\004\075\004\065\004\075\004\102}{subsection.6.1}% 18
\BOOKMARK [3][-]{subsubsection.6.1.4}{\376\377\0006\000.\0001\000.\0004\000\040\004\032\004\076\004\074\004\077\004\076\004\075\004\065\004\075\004\102\004\075\004\126\000\040\004\064\004\060\004\075\004\126}{subsection.6.1}% 19
\BOOKMARK [2][-]{subsection.6.2}{\376\377\0006\000.\0002\000\040\004\032\004\073\004\060\004\101\000\040\000J\000u\000l\000i\000a}{section.6}% 20
\BOOKMARK [3][-]{subsubsection.6.2.1}{\376\377\0006\000.\0002\000.\0001\000\040\004\024\004\065\004\102\004\060\004\073\004\114\004\075\004\070\004\071\000\040\004\076\004\077\004\070\004\101}{subsection.6.2}% 21
\BOOKMARK [3][-]{subsubsection.6.2.2}{\376\377\0006\000.\0002\000.\0002\000\040\004\032\004\076\004\075\004\101\004\102\004\100\004\103\004\072\004\102\004\076\004\100\000\050\004\070\000\051}{subsection.6.2}% 22
\BOOKMARK [3][-]{subsubsection.6.2.3}{\376\377\0006\000.\0002\000.\0003\000\040\004\036\004\077\004\070\004\101\000\040\004\074\004\065\004\102\004\076\004\064\004\126\004\062\000\040\004\072\004\076\004\074\004\077\004\076\004\075\004\065\004\075\004\102}{subsection.6.2}% 23
\BOOKMARK [3][-]{subsubsection.6.2.4}{\376\377\0006\000.\0002\000.\0004\000\040\004\032\004\076\004\074\004\077\004\076\004\075\004\065\004\075\004\102\004\075\004\126\000\040\004\064\004\060\004\075\004\126}{subsection.6.2}% 24
\BOOKMARK [1][-]{section.7}{\376\377\0007\000\040\004\044\004\060\004\071\004\073\004\070}{}% 25
\BOOKMARK [2][-]{subsection.7.1}{\376\377\0007\000.\0001\000\040\004\044\004\060\004\071\004\073\000\040\000i\000m\000a\000g\000e\000.\000c\000p\000p}{section.7}% 26
\BOOKMARK [2][-]{subsection.7.2}{\376\377\0007\000.\0002\000\040\000i\000m\000a\000g\000e\000.\000c\000p\000p}{section.7}% 27
\BOOKMARK [2][-]{subsection.7.3}{\376\377\0007\000.\0003\000\040\004\044\004\060\004\071\004\073\000\040\000i\000m\000a\000g\000e\000.\000h}{section.7}% 28
\BOOKMARK [3][-]{subsubsection.7.3.1}{\376\377\0007\000.\0003\000.\0001\000\040\004\036\004\077\004\070\004\101\000\040\004\074\004\060\004\072\004\100\004\076\004\062\004\070\004\067\004\075\004\060\004\107\004\065\004\075\004\114}{subsection.7.3}% 29
\BOOKMARK [3][-]{subsubsection.7.3.2}{\376\377\0007\000.\0003\000.\0002\000\040\004\036\004\077\004\070\004\101\000\040\004\062\004\070\004\067\004\075\004\060\004\107\004\065\004\075\004\114\000\040\004\102\004\070\004\077\004\126\004\062}{subsection.7.3}% 30
\BOOKMARK [2][-]{subsection.7.4}{\376\377\0007\000.\0004\000\040\000i\000m\000a\000g\000e\000.\000h}{section.7}% 31
\BOOKMARK [2][-]{subsection.7.5}{\376\377\0007\000.\0005\000\040\004\044\004\060\004\071\004\073\000\040\000j\000u\000l\000i\000a\000.\000c\000p\000p}{section.7}% 32
\BOOKMARK [2][-]{subsection.7.6}{\376\377\0007\000.\0006\000\040\000j\000u\000l\000i\000a\000.\000c\000p\000p}{section.7}% 33
\BOOKMARK [2][-]{subsection.7.7}{\376\377\0007\000.\0007\000\040\004\044\004\060\004\071\004\073\000\040\000j\000u\000l\000i\000a\000.\000h}{section.7}% 34
\BOOKMARK [2][-]{subsection.7.8}{\376\377\0007\000.\0008\000\040\000j\000u\000l\000i\000a\000.\000h}{section.7}% 35
\BOOKMARK [2][-]{subsection.7.9}{\376\377\0007\000.\0009\000\040\004\044\004\060\004\071\004\073\000\040\000m\000a\000i\000n\000.\000c\000p\000p}{section.7}% 36
\BOOKMARK [3][-]{subsubsection.7.9.1}{\376\377\0007\000.\0009\000.\0001\000\040\004\036\004\077\004\070\004\101\000\040\004\074\004\060\004\072\004\100\004\076\004\062\004\070\004\067\004\075\004\060\004\107\004\065\004\075\004\114}{subsection.7.9}% 37
\BOOKMARK [3][-]{subsubsection.7.9.2}{\376\377\0007\000.\0009\000.\0002\000\040\004\036\004\077\004\070\004\101\000\040\004\104\004\103\004\075\004\072\004\106\004\126\004\071}{subsection.7.9}% 38
\BOOKMARK [2][-]{subsection.7.10}{\376\377\0007\000.\0001\0000\000\040\000m\000a\000i\000n\000.\000c\000p\000p}{section.7}% 39
\BOOKMARK [2][-]{subsection.7.11}{\376\377\0007\000.\0001\0001\000\040\004\044\004\060\004\071\004\073\000\040\000m\000a\000i\000n\000.\000p\000y}{section.7}% 40
\BOOKMARK [2][-]{subsection.7.12}{\376\377\0007\000.\0001\0002\000\040\000m\000a\000i\000n\000.\000p\000y}{section.7}% 41
\BOOKMARK [2][-]{subsection.7.13}{\376\377\0007\000.\0001\0003\000\040\004\044\004\060\004\071\004\073\000\040\000m\000a\000i\000n\000p\000a\000g\000e\000.\000d\000o\000x}{section.7}% 42
