\BOOKMARK [1][-]{section.1}{\376\377\0001\000\040\004\027\004\062\004\126\004\102\000\040\004\067\000\040\004\073\004\060\004\061\004\076\004\100\004\060\004\102\004\076\004\100\004\075\004\070\004\105\000\040\004\100\004\076\004\061\004\126\004\102\000\040\041\026\0003\000-\0005}{}% 1
\BOOKMARK [2][-]{subsection.1.1}{\376\377\0001\000.\0001\000\040\004\037\004\076\004\101\004\102\004\060\004\075\004\076\004\062\004\072\004\060\000\040\004\067\004\060\004\064\004\060\004\107\004\126}{section.1}% 2
\BOOKMARK [3][-]{subsubsection.1.1.1}{\376\377\0001\000.\0001\000.\0001\000\040\004\033\004\060\004\061\004\076\004\100\004\060\004\102\004\076\004\100\004\075\004\060\000\040\004\100\004\076\004\061\004\076\004\102\004\060\000\040\0003}{subsection.1.1}% 3
\BOOKMARK [3][-]{subsubsection.1.1.2}{\376\377\0001\000.\0001\000.\0002\000\040\004\033\004\060\004\061\004\076\004\100\004\060\004\102\004\076\004\100\004\075\004\060\000\040\004\100\004\076\004\061\004\076\004\102\004\060\000\040\0004}{subsection.1.1}% 4
\BOOKMARK [3][-]{subsubsection.1.1.3}{\376\377\0001\000.\0001\000.\0003\000\040\004\033\004\060\004\061\004\076\004\100\004\060\004\102\004\076\004\100\004\075\004\060\000\040\004\100\004\076\004\061\004\076\004\102\004\060\000\040\0005}{subsection.1.1}% 5
\BOOKMARK [1][-]{section.2}{\376\377\0002\000\040\004\020\004\073\004\104\004\060\004\062\004\126\004\102\004\075\004\070\004\071\000\040\004\077\004\076\004\072\004\060\004\066\004\107\004\070\004\072\000\040\004\077\004\100\004\076\004\101\004\102\004\076\004\100\004\103\000\040\004\126\004\074\004\065\004\075}{}% 6
\BOOKMARK [2][-]{subsection.2.1}{\376\377\0002\000.\0001\000\040\004\037\004\100\004\076\004\101\004\102\004\126\004\100\000\040\004\126\004\074\004\065\004\075}{section.2}% 7
\BOOKMARK [1][-]{section.3}{\376\377\0003\000\040\004\037\004\076\004\072\004\060\004\066\004\107\004\070\004\072\000\040\004\104\004\060\004\071\004\073\004\062}{}% 8
\BOOKMARK [2][-]{subsection.3.1}{\376\377\0003\000.\0001\000\040\004\044\004\060\004\071\004\073\004\070}{section.3}% 9
\BOOKMARK [1][-]{section.4}{\376\377\0004\000\040\004\036\004\077\004\070\004\101\000\040\004\077\004\100\004\076\004\101\004\102\004\076\004\100\004\103\000\040\004\126\004\074\004\065\004\075}{}% 10
\BOOKMARK [2][-]{subsection.4.1}{\376\377\0004\000.\0001\000\040\004\037\004\100\004\076\004\101\004\102\004\126\004\100\000\040\004\126\004\074\004\065\004\075\000\040\000l\000a\000b\0003}{section.4}% 11
\BOOKMARK [3][-]{subsubsection.4.1.1}{\376\377\0004\000.\0001\000.\0001\000\040\004\024\004\065\004\102\004\060\004\073\004\114\004\075\004\070\004\071\000\040\004\076\004\077\004\070\004\101}{subsection.4.1}% 12
\BOOKMARK [3][-]{subsubsection.4.1.2}{\376\377\0004\000.\0001\000.\0002\000\040\004\036\004\077\004\070\004\101\000\040\004\104\004\103\004\075\004\072\004\106\004\126\004\071}{subsection.4.1}% 13
\BOOKMARK [3][-]{subsubsection.4.1.3}{\376\377\0004\000.\0001\000.\0003\000\040\004\036\004\077\004\070\004\101\000\040\004\067\004\074\004\126\004\075\004\075\004\070\004\105}{subsection.4.1}% 14
\BOOKMARK [2][-]{subsection.4.2}{\376\377\0004\000.\0002\000\040\004\037\004\100\004\076\004\101\004\102\004\126\004\100\000\040\004\126\004\074\004\065\004\075\000\040\000l\000a\000b\0003\000\137\000a\000n\000a\000l\000y\000s\000i\000s}{section.4}% 15
\BOOKMARK [3][-]{subsubsection.4.2.1}{\376\377\0004\000.\0002\000.\0001\000\040\004\024\004\065\004\102\004\060\004\073\004\114\004\075\004\070\004\071\000\040\004\076\004\077\004\070\004\101}{subsection.4.2}% 16
\BOOKMARK [3][-]{subsubsection.4.2.2}{\376\377\0004\000.\0002\000.\0002\000\040\004\036\004\077\004\070\004\101\000\040\004\104\004\103\004\075\004\072\004\106\004\126\004\071}{subsection.4.2}% 17
\BOOKMARK [2][-]{subsection.4.3}{\376\377\0004\000.\0003\000\040\004\037\004\100\004\076\004\101\004\102\004\126\004\100\000\040\004\126\004\074\004\065\004\075\000\040\000l\000a\000b\0004}{section.4}% 18
\BOOKMARK [3][-]{subsubsection.4.3.1}{\376\377\0004\000.\0003\000.\0001\000\040\004\024\004\065\004\102\004\060\004\073\004\114\004\075\004\070\004\071\000\040\004\076\004\077\004\070\004\101}{subsection.4.3}% 19
\BOOKMARK [3][-]{subsubsection.4.3.2}{\376\377\0004\000.\0003\000.\0002\000\040\004\036\004\077\004\070\004\101\000\040\004\104\004\103\004\075\004\072\004\106\004\126\004\071}{subsection.4.3}% 20
\BOOKMARK [3][-]{subsubsection.4.3.3}{\376\377\0004\000.\0003\000.\0003\000\040\004\036\004\077\004\070\004\101\000\040\004\067\004\074\004\126\004\075\004\075\004\070\004\105}{subsection.4.3}% 21
\BOOKMARK [2][-]{subsection.4.4}{\376\377\0004\000.\0004\000\040\004\037\004\100\004\076\004\101\004\102\004\126\004\100\000\040\004\126\004\074\004\065\004\075\000\040\000l\000a\000b\0005}{section.4}% 22
\BOOKMARK [3][-]{subsubsection.4.4.1}{\376\377\0004\000.\0004\000.\0001\000\040\004\024\004\065\004\102\004\060\004\073\004\114\004\075\004\070\004\071\000\040\004\076\004\077\004\070\004\101}{subsection.4.4}% 23
\BOOKMARK [3][-]{subsubsection.4.4.2}{\376\377\0004\000.\0004\000.\0002\000\040\004\036\004\077\004\070\004\101\000\040\004\104\004\103\004\075\004\072\004\106\004\126\004\071}{subsection.4.4}% 24
\BOOKMARK [3][-]{subsubsection.4.4.3}{\376\377\0004\000.\0004\000.\0003\000\040\004\036\004\077\004\070\004\101\000\040\004\067\004\074\004\126\004\075\004\075\004\070\004\105}{subsection.4.4}% 25
\BOOKMARK [1][-]{section.5}{\376\377\0005\000\040\004\044\004\060\004\071\004\073\004\070}{}% 26
\BOOKMARK [2][-]{subsection.5.1}{\376\377\0005\000.\0001\000\040\004\044\004\060\004\071\004\073\000\040\000l\000a\000b\0003\000.\000p\000y}{section.5}% 27
\BOOKMARK [2][-]{subsection.5.2}{\376\377\0005\000.\0002\000\040\000l\000a\000b\0003\000.\000p\000y}{section.5}% 28
\BOOKMARK [2][-]{subsection.5.3}{\376\377\0005\000.\0003\000\040\004\044\004\060\004\071\004\073\000\040\000l\000a\000b\0003\000\137\000a\000n\000a\000l\000y\000s\000i\000s\000.\000p\000y}{section.5}% 29
\BOOKMARK [2][-]{subsection.5.4}{\376\377\0005\000.\0004\000\040\000l\000a\000b\0003\000\137\000a\000n\000a\000l\000y\000s\000i\000s\000.\000p\000y}{section.5}% 30
\BOOKMARK [2][-]{subsection.5.5}{\376\377\0005\000.\0005\000\040\004\044\004\060\004\071\004\073\000\040\000l\000a\000b\0004\000.\000p\000y}{section.5}% 31
\BOOKMARK [2][-]{subsection.5.6}{\376\377\0005\000.\0006\000\040\000l\000a\000b\0004\000.\000p\000y}{section.5}% 32
\BOOKMARK [2][-]{subsection.5.7}{\376\377\0005\000.\0007\000\040\004\044\004\060\004\071\004\073\000\040\000l\000a\000b\0005\000.\000p\000y}{section.5}% 33
\BOOKMARK [2][-]{subsection.5.8}{\376\377\0005\000.\0008\000\040\000l\000a\000b\0005\000.\000p\000y}{section.5}% 34
\BOOKMARK [2][-]{subsection.5.9}{\376\377\0005\000.\0009\000\040\004\044\004\060\004\071\004\073\000\040\000m\000a\000i\000n\000p\000a\000g\000e\000.\000d\000o\000x}{section.5}% 35
