This is XeTeX, Version 3.14159265-2.6-0.999992 (TeX Live 2020/TeX Live for SUSE Linux) (preloaded format=xelatex 2021.3.24)  29 MAR 2021 10:00
entering extended mode
 \write18 enabled.
 file:line:error style messages enabled.
 %&-line parsing enabled.
**refman.tex
(./refman.tex
LaTeX2e <2020-02-02> patch level 5
L3 programming layer <2020-04-06> (/usr/share/texmf/tex/latex/base/article.cls
Document Class: article 2019/12/20 v1.4l Standard LaTeX document class
(/usr/share/texmf/tex/latex/base/size10.clo
File: size10.clo 2019/12/20 v1.4l Standard LaTeX file (size option)
)
\c@part=\count163
\c@section=\count164
\c@subsection=\count165
\c@subsubsection=\count166
\c@paragraph=\count167
\c@subparagraph=\count168
\c@figure=\count169
\c@table=\count170
\abovecaptionskip=\skip47
\belowcaptionskip=\skip48
\bibindent=\dimen134
)
(/usr/share/texmf/tex/latex/base/ifthen.sty
Package: ifthen 2014/09/29 v1.1c Standard LaTeX ifthen package (DPC)
)
(/usr/share/texmf/tex/latex/tools/array.sty
Rollback for package 'array' requested -> date 2016-10-06.
         Best approximation is the release introduced on 2016-10-06.

(/usr/share/texmf/tex/latex/tools/array-2016-10-06.sty
Package: array 2016/10/06 v2.4d Tabular extension package (FMi)
\col@sep=\dimen135
\extrarowheight=\dimen136
\NC@list=\toks15
\extratabsurround=\skip49
\backup@length=\skip50
))
(/usr/share/texmf/tex/latex/base/fixltx2e.sty
Package: fixltx2e 2016/12/29 v2.1a fixes to LaTeX (obsolete)
Applying: [2015/01/01] Old fixltx2e package on input line 46.


Package fixltx2e Warning: fixltx2e is not required with releases after 2015
(fixltx2e)                All fixes are now in the LaTeX kernel.
(fixltx2e)                See the latexrelease package for details.

Already applied: [0000/00/00] Old fixltx2e package on input line 53.
) (./doxygen.sty
Package: doxygen 
 (/usr/share/texmf/tex/latex/base/alltt.sty
Package: alltt 1997/06/16 v2.0g defines alltt environment
)
(/usr/share/texmf/tex/latex/tools/calc.sty
Package: calc 2017/05/25 v4.3 Infix arithmetic (KKT,FJ)
\calc@Acount=\count171
\calc@Bcount=\count172
\calc@Adimen=\dimen137
\calc@Bdimen=\dimen138
\calc@Askip=\skip51
\calc@Bskip=\skip52
LaTeX Info: Redefining \setlength on input line 80.
LaTeX Info: Redefining \addtolength on input line 81.
\calc@Ccount=\count173
\calc@Cskip=\skip53
)
(/usr/share/texmf/tex/latex/float/float.sty
Package: float 2001/11/08 v1.3d Float enhancements (AL)
\c@float@type=\count174
\float@exts=\toks16
\float@box=\box45
\@float@everytoks=\toks17
\@floatcapt=\box46
)
(/usr/share/texmf/tex/latex/tools/verbatim.sty
Package: verbatim 2019/11/10 v1.5r LaTeX2e package for verbatim enhancements
\every@verbatim=\toks18
\verbatim@line=\toks19
\verbatim@in@stream=\read2
)
(/usr/share/texmf/tex/latex/xcolor/xcolor.sty
Package: xcolor 2016/05/11 v2.12 LaTeX color extensions (UK)

(/usr/share/texmf/tex/latex/graphics-cfg/color.cfg
File: color.cfg 2016/01/02 v1.6 sample color configuration
)
Package xcolor Info: Driver file: xetex.def on input line 225.

(/usr/share/texmf/tex/latex/graphics-def/xetex.def
File: xetex.def 2017/06/24 v5.0h Graphics/color driver for xetex
)
(/usr/share/texmf/tex/latex/colortbl/colortbl.sty
Package: colortbl 2020/01/04 v1.0e Color table columns (DPC)
\everycr=\toks20
\minrowclearance=\skip54
)
\rownum=\count175
Package xcolor Info: Model `cmy' substituted by `cmy0' on input line 1348.
Package xcolor Info: Model `RGB' extended on input line 1364.
Package xcolor Info: Model `HTML' substituted by `rgb' on input line 1366.
Package xcolor Info: Model `Hsb' substituted by `hsb' on input line 1367.
Package xcolor Info: Model `tHsb' substituted by `hsb' on input line 1368.
Package xcolor Info: Model `HSB' substituted by `hsb' on input line 1369.
Package xcolor Info: Model `Gray' substituted by `gray' on input line 1370.
Package xcolor Info: Model `wave' substituted by `hsb' on input line 1371.
) (./longtable_doxygen.sty
Package: longtable_doxygen 2014/10/28 v4.11 Multi-page Table package (DPC) - fr
ozen version for doxygen
\LTleft=\skip55
\LTright=\skip56
\LTpre=\skip57
\LTpost=\skip58
\LTchunksize=\count176
\LTcapwidth=\dimen139
\LT@head=\box47
\LT@firsthead=\box48
\LT@foot=\box49
\LT@lastfoot=\box50
\LT@cols=\count177
\LT@rows=\count178
\c@LT@tables=\count179
\c@LT@chunks=\count180
\LT@p@ftn=\toks21
)
(./tabu_doxygen.sty
Package: tabu_doxygen 2011/02/26 v2.8 - flexible LaTeX tabulars (FC), frozen ve
rsion for doxygen
 (/usr/share/texmf/tex/latex/varwidth/varwidth.sty
Package: varwidth 2009/03/30 ver 0.92;  Variable-width minipages
\@vwid@box=\box51
\sift@deathcycles=\count181
\@vwid@loff=\dimen140
\@vwid@roff=\dimen141
)
\c@taburow=\count182
\tabu@nbcols=\count183
\tabu@cnt=\count184
\tabu@Xcol=\count185
\tabu@alloc=\count186
\tabu@nested=\count187
\tabu@target=\dimen142
\tabu@spreadtarget=\dimen143
\tabu@naturalX=\dimen144
\tabucolX=\dimen145
\tabu@Xsum=\dimen146
\extrarowdepth=\dimen147
\abovetabulinesep=\dimen148
\belowtabulinesep=\dimen149
\tabustrutrule=\dimen150
\tabu@thebody=\toks22
\tabu@footnotes=\toks23
\tabu@box=\box52
\tabu@arstrutbox=\box53
\tabu@hleads=\box54
\tabu@vleads=\box55
\tabu@cellskip=\skip59
)
(/usr/share/texmf/tex/latex/fancyvrb/fancyvrb.sty
Package: fancyvrb 2020/01/13 v3.5 verbatim text (tvz,hv)

(/usr/share/texmf/tex/latex/graphics/keyval.sty
Package: keyval 2014/10/28 v1.15 key=value parser (DPC)
\KV@toks@=\toks24
)
\FV@CodeLineNo=\count188
\FV@InFile=\read3
\FV@TabBox=\box56
\c@FancyVerbLine=\count189
\FV@StepNumber=\count190
\FV@OutFile=\write3
)
(/usr/share/texmf/tex/latex/tools/tabularx.sty
Package: tabularx 2020/01/15 v2.11c `tabularx' package (DPC)
\TX@col@width=\dimen151
\TX@old@table=\dimen152
\TX@old@col=\dimen153
\TX@target=\dimen154
\TX@delta=\dimen155
\TX@cols=\count191
\TX@ftn=\toks25
)
(/usr/share/texmf/tex/latex/tools/multicol.sty
Package: multicol 2019/12/09 v1.8y multicolumn formatting (FMi)
\c@tracingmulticols=\count192
\mult@box=\box57
\multicol@leftmargin=\dimen156
\c@unbalance=\count193
\c@collectmore=\count194
\doublecol@number=\count195
\multicoltolerance=\count196
\multicolpretolerance=\count197
\full@width=\dimen157
\page@free=\dimen158
\premulticols=\dimen159
\postmulticols=\dimen160
\multicolsep=\skip60
\multicolbaselineskip=\skip61
\partial@page=\box58
\last@line=\box59
\maxbalancingoverflow=\dimen161
\mult@rightbox=\box60
\mult@grightbox=\box61
\mult@gfirstbox=\box62
\mult@firstbox=\box63
\@tempa=\box64
\@tempa=\box65
\@tempa=\box66
\@tempa=\box67
\@tempa=\box68
\@tempa=\box69
\@tempa=\box70
\@tempa=\box71
\@tempa=\box72
\@tempa=\box73
\@tempa=\box74
\@tempa=\box75
\@tempa=\box76
\@tempa=\box77
\@tempa=\box78
\@tempa=\box79
\@tempa=\box80
\@tempa=\box81
\@tempa=\box82
\@tempa=\box83
\@tempa=\box84
\@tempa=\box85
\@tempa=\box86
\@tempa=\box87
\@tempa=\box88
\@tempa=\box89
\@tempa=\box90
\@tempa=\box91
\@tempa=\box92
\@tempa=\box93
\@tempa=\box94
\@tempa=\box95
\@tempa=\box96
\@tempa=\box97
\@tempa=\box98
\@tempa=\box99
\@tempa=\box100
\c@minrows=\count198
\c@columnbadness=\count199
\c@finalcolumnbadness=\count266
\last@try=\dimen162
\multicolovershoot=\dimen163
\multicolundershoot=\dimen164
\mult@nat@firstbox=\box101
\colbreak@box=\box102
\mc@col@check@num=\count267
)
(/usr/share/texmf/tex/latex/multirow/multirow.sty
Package: multirow 2019/05/31 v2.5 Span multiple rows of a table
\multirow@colwidth=\skip62
\multirow@cntb=\count268
\multirow@dima=\skip63
\bigstrutjot=\dimen165
)
(/usr/share/texmf/tex/latex/hanging/hanging.sty
Package: hanging 2009/09/02 v1.2b hanging paragraphs and punctuation
\h@ngcommawd=\skip64
\h@ngfstopwd=\skip65
\h@ngquotewd=\skip66
\h@ngdquotewd=\skip67
\h@ngquerywd=\skip68
\h@ngexclwd=\skip69
\h@ngcolonwd=\skip70
\h@ngscolonwd=\skip71
)
(/usr/share/texmf/tex/generic/iftex/ifpdf.sty
Package: ifpdf 2019/10/25 v3.4 ifpdf legacy package. Use iftex instead.

(/usr/share/texmf/tex/generic/iftex/iftex.sty
Package: iftex 2020/03/06 v1.0d TeX engine tests
))
(/usr/share/texmf/tex/latex/adjustbox/adjustbox.sty
Package: adjustbox 2019/01/04 v1.2 Adjusting TeX boxes (trim, clip, ...)

(/usr/share/texmf/tex/latex/xkeyval/xkeyval.sty
Package: xkeyval 2014/12/03 v2.7a package option processing (HA)

(/usr/share/texmf/tex/generic/xkeyval/xkeyval.tex
(/usr/share/texmf/tex/generic/xkeyval/xkvutils.tex
\XKV@toks=\toks26
\XKV@tempa@toks=\toks27
)
\XKV@depth=\count269
File: xkeyval.tex 2014/12/03 v2.7a key=value parser (HA)
))
(/usr/share/texmf/tex/latex/adjustbox/adjcalc.sty
Package: adjcalc 2012/05/16 v1.1 Provides advanced setlength with multiple back
-ends (calc, etex, pgfmath)
)
(/usr/share/texmf/tex/latex/adjustbox/trimclip.sty
Package: trimclip 2018/04/08 v1.1 Trim and clip general TeX material

(/usr/share/texmf/tex/latex/graphics/graphicx.sty
Package: graphicx 2019/11/30 v1.2a Enhanced LaTeX Graphics (DPC,SPQR)

(/usr/share/texmf/tex/latex/graphics/graphics.sty
Package: graphics 2019/11/30 v1.4a Standard LaTeX Graphics (DPC,SPQR)

(/usr/share/texmf/tex/latex/graphics/trig.sty
Package: trig 2016/01/03 v1.10 sin cos tan (DPC)
)
(/usr/share/texmf/tex/latex/graphics-cfg/graphics.cfg
File: graphics.cfg 2016/06/04 v1.11 sample graphics configuration
)
Package graphics Info: Driver file: xetex.def on input line 105.
)
\Gin@req@height=\dimen166
\Gin@req@width=\dimen167
)
(/usr/share/texmf/tex/latex/collectbox/collectbox.sty
Package: collectbox 2012/05/17 v0.4b Collect macro arguments as boxes
\collectedbox=\box103
)
\tc@llx=\dimen168
\tc@lly=\dimen169
\tc@urx=\dimen170
\tc@ury=\dimen171
Package trimclip Info: Using driver 'tc-xetex.def'.

(/usr/share/texmf/tex/latex/adjustbox/tc-xetex.def
File: tc-xetex.def 2019/01/04 v2.2 Clipping driver for xetex
))
\adjbox@Width=\dimen172
\adjbox@Height=\dimen173
\adjbox@Depth=\dimen174
\adjbox@Totalheight=\dimen175
\adjbox@pwidth=\dimen176
\adjbox@pheight=\dimen177
\adjbox@pdepth=\dimen178
\adjbox@ptotalheight=\dimen179

(/usr/share/texmf/tex/latex/ifoddpage/ifoddpage.sty
Package: ifoddpage 2016/04/23 v1.1 Conditionals for odd/even page detection
\c@checkoddpage=\count270
))
(/usr/share/texmf/tex/latex/amsfonts/amssymb.sty
Package: amssymb 2013/01/14 v3.01 AMS font symbols

(/usr/share/texmf/tex/latex/amsfonts/amsfonts.sty
Package: amsfonts 2013/01/14 v3.01 Basic AMSFonts support
\@emptytoks=\toks28
\symAMSa=\mathgroup4
\symAMSb=\mathgroup5
LaTeX Font Info:    Redeclaring math symbol \hbar on input line 98.
LaTeX Font Info:    Overwriting math alphabet `\mathfrak' in version `bold'
(Font)                  U/euf/m/n --> U/euf/b/n on input line 106.
))
(/usr/share/texmf/tex/latex/stackengine/stackengine.sty
Package: stackengine 2017/02/13 v4.01\ Stacking text and objects in convenient 
ways

(/usr/share/texmf/tex/latex/etoolbox/etoolbox.sty
Package: etoolbox 2019/09/21 v2.5h e-TeX tools for LaTeX (JAW)
\etb@tempcnta=\count271
)
(/usr/share/texmf/tex/generic/listofitems/listofitems.sty
(/usr/share/texmf/tex/generic/listofitems/listofitems.tex
Invalid UTF-8 byte or sequence at line 50 replaced by U+FFFD.
Invalid UTF-8 byte or sequence at line 50 replaced by U+FFFD.
Invalid UTF-8 byte or sequence at line 52 replaced by U+FFFD.
Invalid UTF-8 byte or sequence at line 52 replaced by U+FFFD.
Invalid UTF-8 byte or sequence at line 52 replaced by U+FFFD.
Invalid UTF-8 byte or sequence at line 96 replaced by U+FFFD.
Invalid UTF-8 byte or sequence at line 96 replaced by U+FFFD.
Invalid UTF-8 byte or sequence at line 104 replaced by U+FFFD.
Invalid UTF-8 byte or sequence at line 105 replaced by U+FFFD.
\loi_cnt_foreach_nest=\count272
Invalid UTF-8 byte or sequence at line 139 replaced by U+FFFD.
Invalid UTF-8 byte or sequence at line 146 replaced by U+FFFD.
Invalid UTF-8 byte or sequence at line 192 replaced by U+FFFD.
Invalid UTF-8 byte or sequence at line 209 replaced by U+FFFD.
Invalid UTF-8 byte or sequence at line 209 replaced by U+FFFD.
Invalid UTF-8 byte or sequence at line 222 replaced by U+FFFD.
Invalid UTF-8 byte or sequence at line 222 replaced by U+FFFD.
Invalid UTF-8 byte or sequence at line 223 replaced by U+FFFD.
Invalid UTF-8 byte or sequence at line 223 replaced by U+FFFD.
Invalid UTF-8 byte or sequence at line 224 replaced by U+FFFD.
Invalid UTF-8 byte or sequence at line 226 replaced by U+FFFD.
Invalid UTF-8 byte or sequence at line 226 replaced by U+FFFD.
Invalid UTF-8 byte or sequence at line 238 replaced by U+FFFD.
Invalid UTF-8 byte or sequence at line 243 replaced by U+FFFD.
Invalid UTF-8 byte or sequence at line 243 replaced by U+FFFD.
Invalid UTF-8 byte or sequence at line 260 replaced by U+FFFD.
Invalid UTF-8 byte or sequence at line 284 replaced by U+FFFD.
Invalid UTF-8 byte or sequence at line 310 replaced by U+FFFD.
Invalid UTF-8 byte or sequence at line 310 replaced by U+FFFD.
Invalid UTF-8 byte or sequence at line 324 replaced by U+FFFD.
Invalid UTF-8 byte or sequence at line 337 replaced by U+FFFD.
Invalid UTF-8 byte or sequence at line 337 replaced by U+FFFD.
Invalid UTF-8 byte or sequence at line 339 replaced by U+FFFD.
Invalid UTF-8 byte or sequence at line 350 replaced by U+FFFD.
Invalid UTF-8 byte or sequence at line 350 replaced by U+FFFD.
Invalid UTF-8 byte or sequence at line 350 replaced by U+FFFD.
Invalid UTF-8 byte or sequence at line 354 replaced by U+FFFD.
\loi_nestcnt=\count273
Invalid UTF-8 byte or sequence at line 367 replaced by U+FFFD.
Invalid UTF-8 byte or sequence at line 367 replaced by U+FFFD.
Invalid UTF-8 byte or sequence at line 367 replaced by U+FFFD.
Invalid UTF-8 byte or sequence at line 367 replaced by U+FFFD.
Invalid UTF-8 byte or sequence at line 375 replaced by U+FFFD.
Invalid UTF-8 byte or sequence at line 375 replaced by U+FFFD.
Invalid UTF-8 byte or sequence at line 375 replaced by U+FFFD.
Invalid UTF-8 byte or sequence at line 375 replaced by U+FFFD.
Invalid UTF-8 byte or sequence at line 377 replaced by U+FFFD.
Invalid UTF-8 byte or sequence at line 378 replaced by U+FFFD.
Invalid UTF-8 byte or sequence at line 398 replaced by U+FFFD.
Invalid UTF-8 byte or sequence at line 398 replaced by U+FFFD.
Invalid UTF-8 byte or sequence at line 399 replaced by U+FFFD.
Invalid UTF-8 byte or sequence at line 399 replaced by U+FFFD.
Invalid UTF-8 byte or sequence at line 399 replaced by U+FFFD.
Invalid UTF-8 byte or sequence at line 399 replaced by U+FFFD.
Invalid UTF-8 byte or sequence at line 399 replaced by U+FFFD.
Invalid UTF-8 byte or sequence at line 399 replaced by U+FFFD.
Invalid UTF-8 byte or sequence at line 409 replaced by U+FFFD.
Invalid UTF-8 byte or sequence at line 410 replaced by U+FFFD.
Invalid UTF-8 byte or sequence at line 410 replaced by U+FFFD.
Invalid UTF-8 byte or sequence at line 410 replaced by U+FFFD.
Invalid UTF-8 byte or sequence at line 410 replaced by U+FFFD.
Invalid UTF-8 byte or sequence at line 411 replaced by U+FFFD.
Invalid UTF-8 byte or sequence at line 411 replaced by U+FFFD.
Invalid UTF-8 byte or sequence at line 411 replaced by U+FFFD.
Invalid UTF-8 byte or sequence at line 411 replaced by U+FFFD.
Invalid UTF-8 byte or sequence at line 411 replaced by U+FFFD.
Invalid UTF-8 byte or sequence at line 411 replaced by U+FFFD.
Invalid UTF-8 byte or sequence at line 414 replaced by U+FFFD.
Invalid UTF-8 byte or sequence at line 422 replaced by U+FFFD.
Invalid UTF-8 byte or sequence at line 422 replaced by U+FFFD.
Invalid UTF-8 byte or sequence at line 426 replaced by U+FFFD.
Invalid UTF-8 byte or sequence at line 428 replaced by U+FFFD.
Invalid UTF-8 byte or sequence at line 433 replaced by U+FFFD.
Invalid UTF-8 byte or sequence at line 433 replaced by U+FFFD.
Invalid UTF-8 byte or sequence at line 441 replaced by U+FFFD.
Invalid UTF-8 byte or sequence at line 441 replaced by U+FFFD.
Invalid UTF-8 byte or sequence at line 442 replaced by U+FFFD.
Invalid UTF-8 byte or sequence at line 443 replaced by U+FFFD.
Invalid UTF-8 byte or sequence at line 443 replaced by U+FFFD.
Invalid UTF-8 byte or sequence at line 443 replaced by U+FFFD.
Invalid UTF-8 byte or sequence at line 446 replaced by U+FFFD.
Invalid UTF-8 byte or sequence at line 446 replaced by U+FFFD.
Invalid UTF-8 byte or sequence at line 446 replaced by U+FFFD.
Invalid UTF-8 byte or sequence at line 448 replaced by U+FFFD.
Invalid UTF-8 byte or sequence at line 448 replaced by U+FFFD.
Invalid UTF-8 byte or sequence at line 451 replaced by U+FFFD.
Invalid UTF-8 byte or sequence at line 455 replaced by U+FFFD.
Invalid UTF-8 byte or sequence at line 455 replaced by U+FFFD.
Invalid UTF-8 byte or sequence at line 458 replaced by U+FFFD.
Invalid UTF-8 byte or sequence at line 458 replaced by U+FFFD.
Invalid UTF-8 byte or sequence at line 472 replaced by U+FFFD.
Invalid UTF-8 byte or sequence at line 475 replaced by U+FFFD.
Invalid UTF-8 byte or sequence at line 492 replaced by U+FFFD.
Invalid UTF-8 byte or sequence at line 508 replaced by U+FFFD.
Invalid UTF-8 byte or sequence at line 508 replaced by U+FFFD.
Invalid UTF-8 byte or sequence at line 509 replaced by U+FFFD.
Invalid UTF-8 byte or sequence at line 509 replaced by U+FFFD.
Invalid UTF-8 byte or sequence at line 519 replaced by U+FFFD.
Invalid UTF-8 byte or sequence at line 541 replaced by U+FFFD.
Invalid UTF-8 byte or sequence at line 541 replaced by U+FFFD.
)
Package: listofitems 2019/08/21 v1.63 Grab items in lists using user-specified 
sep char (CT)
)
\c@@stackindex=\count274
\@boxshift=\skip72
\stack@tmplength=\skip73
\temp@stkl=\skip74
\@stackedboxwidth=\skip75
\@addedbox=\box104
\@anchorbox=\box105
\stackedbox=\box106
\@centerbox=\box107
\c@ROWcellindex@=\count275
)
(/usr/share/texmf/tex/generic/ulem/ulem.sty
\UL@box=\box108
\UL@hyphenbox=\box109
\UL@skip=\skip76
\UL@hook=\toks29
\UL@height=\dimen180
\UL@pe=\count276
\UL@pixel=\dimen181
\ULC@box=\box110
Package: ulem 2019/11/18
\ULdepth=\dimen182
)
\xrefbox=\box111
\xreflength=\skip77
\CodeWidthChar=\skip78
\CodeHeightChar=\skip79
\DoxyCodeWidth=\skip80
)
(/usr/share/texmf/tex/latex/base/inputenc.sty
Package: inputenc 2018/08/11 v1.3c Input encoding file
\inpenc@prehook=\toks30
\inpenc@posthook=\toks31


Package inputenc Warning: inputenc package ignored with utf8 based engines.

) (/usr/share/texmf/tex/latex/base/makeidx.sty
Package: makeidx 2014/09/29 v1.0m Standard LaTeX package
)
(/usr/share/texmf/tex/latex/base/textcomp.sty
Package: textcomp 2020/02/02 v2.0n Standard LaTeX package
)
(/usr/share/texmf/tex/latex/wasysym/wasysym.sty
Package: wasysym 2020/01/19 v2.4 Wasy-2 symbol support package
\symwasy=\mathgroup6
LaTeX Font Info:    Overwriting symbol font `wasy' in version `bold'
(Font)                  U/wasy/m/n --> U/wasy/b/n on input line 93.
)
(/usr/share/texmf/tex/generic/iftex/ifxetex.sty
Package: ifxetex 2019/10/25 v0.7 ifxetex legacy package. Use iftex instead.
)
(/usr/share/texmf/tex/latex/base/fontenc.sty
Package: fontenc 2020/02/11 v2.0o Standard LaTeX package

(/usr/share/texmf/tex/latex/cyrillic/t2aenc.def
File: t2aenc.def 2005/09/27 v1.0i Cyrillic encoding definition file
)
LaTeX Font Info:    Trying to load font information for T2A+lmr on input line 1
12.
LaTeX Font Info:    No file T2Almr.fd. on input line 112.
LaTeX Font Info:    Trying to load font information for T2A+cmr on input line 1
12.

(/usr/share/texmf/tex/latex/cyrillic/t2acmr.fd
File: t2acmr.fd 2001/08/11 v1.0a Computer Modern Cyrillic font definitions
)

LaTeX Font Warning: Font shape `T2A/lmr/m/n' undefined
(Font)              using `T2A/cmr/m/n' instead on input line 112.

) (/usr/share/texmf/tex/generic/babel/babel.sty
Package: babel 2020/03/22 3.42 The Babel package

(/usr/share/texmf/tex/generic/babel/switch.def
File: switch.def 2020/03/22 3.42 Babel switching mechanism
)
(/usr/share/texmf/tex/generic/babel-ukrainian/ukraineb.ldf
Language: ukraineb 2018/04/11 1.4c Ukrainian support for the Babel system

(/usr/share/texmf/tex/generic/babel/babel.def
File: babel.def 2020/03/22 3.42 Babel common definitions
\babel@savecnt=\count277
\U@D=\dimen183

(/usr/share/texmf/tex/generic/babel/xebabel.def
(/usr/share/texmf/tex/generic/babel/txtbabel.def))
\bbl@readstream=\read4
\bbl@dirlevel=\count278
)

Package babel Warning: inputenc should not be used with LuaTeX or XeTeX on inpu
t line 117.

Package babel Info: Making " an active character on input line 118.
Package babel Info: Default for \cyrdash is provided on input line 161.
Package ukrainian.ldf Info: Executing the 3.9 or latter on input line 167.
Package ukrainian.ldf Info: Executing the post 3.9 branch for dates on input li
ne 245.
)) (/usr/share/texmf/tex/latex/base/fontenc.sty
Package: fontenc 2020/02/11 v2.0o Standard LaTeX package
LaTeX Font Info:    Trying to load font information for T1+lmr on input line 11
2.

(/usr/share/texmf/tex/latex/lm/t1lmr.fd
File: t1lmr.fd 2009/10/30 v1.6 Font defs for Latin Modern
))
(/usr/share/texmf/tex/latex/psnfss/helvet.sty
Package: helvet 2020/03/25 PSNFSS-v9.3 (WaS) 
)
(/usr/share/texmf/tex/latex/psnfss/courier.sty
Package: courier 2020/03/25 PSNFSS-v9.3 (WaS) 
)
(/usr/share/texmf/tex/latex/sectsty/sectsty.sty
Package: sectsty 2002/02/25 v2.0.2 Commands to change all sectional heading sty
les


LaTeX Warning: Command \underbar  has changed.
               Check if current package is valid.


LaTeX Warning: Command \underline  has changed.
               Check if current package is valid.

) (/usr/share/texmf/tex/latex/geometry/geometry.sty
Package: geometry 2020/01/02 v5.9 Page Geometry

(/usr/share/texmf/tex/generic/iftex/ifvtex.sty
Package: ifvtex 2019/10/25 v1.7 ifvtex legacy package. Use iftex instead.
)
\Gm@cnth=\count279
\Gm@cntv=\count280
\c@Gm@tempcnt=\count281
\Gm@bindingoffset=\dimen184
\Gm@wd@mp=\dimen185
\Gm@odd@mp=\dimen186
\Gm@even@mp=\dimen187
\Gm@layoutwidth=\dimen188
\Gm@layoutheight=\dimen189
\Gm@layouthoffset=\dimen190
\Gm@layoutvoffset=\dimen191
\Gm@dimlist=\toks32
)
(/usr/share/texmf/tex/latex/fancyhdr/fancyhdr.sty
Package: fancyhdr 2019/01/31 v3.10 Extensive control of page headers and footer
s
\f@nch@headwidth=\skip81
\f@nch@O@elh=\skip82
\f@nch@O@erh=\skip83
\f@nch@O@olh=\skip84
\f@nch@O@orh=\skip85
\f@nch@O@elf=\skip86
\f@nch@O@erf=\skip87
\f@nch@O@olf=\skip88
\f@nch@O@orf=\skip89
)
(/usr/share/texmf/tex/latex/natbib/natbib.sty
Package: natbib 2010/09/13 8.31b (PWD, AO)
\bibhang=\skip90
\bibsep=\skip91
LaTeX Info: Redefining \cite on input line 694.
\c@NAT@ctr=\count282
)
(/usr/share/texmf/tex/latex/tocloft/tocloft.sty
Package: tocloft 2017/08/31 v2.3i parameterised ToC, etc., typesetting
Package tocloft Info: The document has section divisions on input line 51.
\cftparskip=\skip92
\cftbeforetoctitleskip=\skip93
\cftaftertoctitleskip=\skip94
\cftbeforepartskip=\skip95
\cftpartnumwidth=\skip96
\cftpartindent=\skip97
\cftbeforesecskip=\skip98
\cftsecindent=\skip99
\cftsecnumwidth=\skip100
\cftbeforesubsecskip=\skip101
\cftsubsecindent=\skip102
\cftsubsecnumwidth=\skip103
\cftbeforesubsubsecskip=\skip104
\cftsubsubsecindent=\skip105
\cftsubsubsecnumwidth=\skip106
\cftbeforeparaskip=\skip107
\cftparaindent=\skip108
\cftparanumwidth=\skip109
\cftbeforesubparaskip=\skip110
\cftsubparaindent=\skip111
\cftsubparanumwidth=\skip112
\cftbeforeloftitleskip=\skip113
\cftafterloftitleskip=\skip114
\cftbeforefigskip=\skip115
\cftfigindent=\skip116
\cftfignumwidth=\skip117
\c@lofdepth=\count283
\c@lotdepth=\count284
\cftbeforelottitleskip=\skip118
\cftafterlottitleskip=\skip119
\cftbeforetabskip=\skip120
\cfttabindent=\skip121
\cfttabnumwidth=\skip122
)
\@indexfile=\write4
\openout4 = `refman.idx'.


Writing index file refman.idx
(/usr/share/texmf/tex/latex/newunicodechar/newunicodechar.sty
Package: newunicodechar 2018/04/08 v1.2 Defining Unicode characters
)
(/usr/share/texmf/tex/latex/hyperref/hyperref.sty
Package: hyperref 2020/01/14 v7.00d Hypertext links for LaTeX

(/usr/share/texmf/tex/generic/ltxcmds/ltxcmds.sty
Package: ltxcmds 2019/12/15 v1.24 LaTeX kernel commands for general use (HO)
)
(/usr/share/texmf/tex/latex/pdftexcmds/pdftexcmds.sty
Package: pdftexcmds 2019/11/24 v0.31 Utility functions of pdfTeX for LuaTeX (HO
)

(/usr/share/texmf/tex/generic/infwarerr/infwarerr.sty
Package: infwarerr 2019/12/03 v1.5 Providing info/warning/error messages (HO)
)
Package pdftexcmds Info: \pdf@primitive is available.
Package pdftexcmds Info: \pdf@ifprimitive is available.
Package pdftexcmds Info: \pdfdraftmode not found.
)
(/usr/share/texmf/tex/generic/kvsetkeys/kvsetkeys.sty
Package: kvsetkeys 2019/12/15 v1.18 Key value parser (HO)
)
(/usr/share/texmf/tex/generic/kvdefinekeys/kvdefinekeys.sty
Package: kvdefinekeys 2019-12-19 v1.6 Define keys (HO)
)
(/usr/share/texmf/tex/generic/pdfescape/pdfescape.sty
Package: pdfescape 2019/12/09 v1.15 Implements pdfTeX's escape features (HO)
)
(/usr/share/texmf/tex/latex/hycolor/hycolor.sty
Package: hycolor 2020-01-27 v1.10 Color options for hyperref/bookmark (HO)
)
(/usr/share/texmf/tex/latex/letltxmacro/letltxmacro.sty
Package: letltxmacro 2019/12/03 v1.6 Let assignment for LaTeX macros (HO)
)
(/usr/share/texmf/tex/latex/auxhook/auxhook.sty
Package: auxhook 2019-12-17 v1.6 Hooks for auxiliary files (HO)
)
(/usr/share/texmf/tex/latex/kvoptions/kvoptions.sty
Package: kvoptions 2019/11/29 v3.13 Key value format for package options (HO)
)
\@linkdim=\dimen192
\Hy@linkcounter=\count285
\Hy@pagecounter=\count286

(/usr/share/texmf/tex/latex/hyperref/pd1enc.def
File: pd1enc.def 2020/01/14 v7.00d Hyperref: PDFDocEncoding definition (HO)
)
(/usr/share/texmf/tex/generic/intcalc/intcalc.sty
Package: intcalc 2019/12/15 v1.3 Expandable calculations with integers (HO)
)
(/usr/share/texmf/tex/generic/etexcmds/etexcmds.sty
Package: etexcmds 2019/12/15 v1.7 Avoid name clashes with e-TeX commands (HO)
)
\Hy@SavedSpaceFactor=\count287
Package hyperref Info: Hyper figures OFF on input line 4547.
Package hyperref Info: Link nesting OFF on input line 4552.
Package hyperref Info: Hyper index ON on input line 4555.
Package hyperref Info: Plain pages OFF on input line 4562.
Package hyperref Info: Backreferencing ON on input line 4565.
Package hyperref Info: Implicit mode ON; LaTeX internals redefined.
Package hyperref Info: Bookmarks ON on input line 4800.

(/usr/share/texmf/tex/latex/hyperref/backref.sty
Package: backref 2020/01/14 v1.40 Bibliographical back referencing

(/usr/share/texmf/tex/latex/rerunfilecheck/rerunfilecheck.sty
Package: rerunfilecheck 2019/12/05 v1.9 Rerun checks for auxiliary files (HO)

(/usr/share/texmf/tex/latex/atveryend/atveryend.sty
Package: atveryend 2019-12-11 v1.11 Hooks at the very end of document (HO)
)
(/usr/share/texmf/tex/generic/uniquecounter/uniquecounter.sty
Package: uniquecounter 2019/12/15 v1.4 Provide unlimited unique counter (HO)

(/usr/share/texmf/tex/generic/bigintcalc/bigintcalc.sty
Package: bigintcalc 2019/12/15 v1.5 Expandable calculations on big integers (HO
)
))
Package uniquecounter Info: New unique counter `rerunfilecheck' on input line 2
86.
))
\c@Hy@tempcnt=\count288

(/usr/share/texmf/tex/latex/url/url.sty
\Urlmuskip=\muskip16
Package: url 2013/09/16  ver 3.4  Verb mode for urls, etc.
)
LaTeX Info: Redefining \url on input line 5159.
\XeTeXLinkMargin=\dimen193

(/usr/share/texmf/tex/generic/bitset/bitset.sty
Package: bitset 2019/12/09 v1.3 Handle bit-vector datatype (HO)
)
\Fld@menulength=\count289
\Field@Width=\dimen194
\Fld@charsize=\dimen195
Package hyperref Info: Hyper figures OFF on input line 6430.
Package hyperref Info: Link nesting OFF on input line 6435.
Package hyperref Info: Hyper index ON on input line 6438.
Package hyperref Info: backreferencing ON on input line 6443.
Package hyperref Info: Link coloring OFF on input line 6450.
Package hyperref Info: Link coloring with OCG OFF on input line 6455.
Package hyperref Info: PDF/A mode OFF on input line 6460.
LaTeX Info: Redefining \ref on input line 6500.
LaTeX Info: Redefining \pageref on input line 6504.

(/usr/share/texmf/tex/generic/atbegshi/atbegshi.sty
Package: atbegshi 2019/12/05 v1.19 At begin shipout hook (HO)
)
\Hy@abspage=\count290
\c@Item=\count291
\c@Hfootnote=\count292
)
Package hyperref Info: Driver (autodetected): hxetex.

(/usr/share/texmf/tex/latex/hyperref/hxetex.def
File: hxetex.def 2020/01/14 v7.00d Hyperref driver for XeTeX

(/usr/share/texmf/tex/latex/hyperref/puenc.def
File: puenc.def 2020/01/14 v7.00d Hyperref: PDF Unicode definition (HO)
)
(/usr/share/texmf/tex/generic/stringenc/stringenc.sty
Package: stringenc 2019/11/29 v1.12 Convert strings between diff. encodings (HO
)
)
\pdfm@box=\box112
\c@Hy@AnnotLevel=\count293
\HyField@AnnotCount=\count294
\Fld@listcount=\count295
\c@bookmark@seq@number=\count296
\Hy@SectionHShift=\skip123
)
Package hyperref Info: Option `colorlinks' set `true' on input line 135.
Package hyperref Info: Option `unicode' set `true' on input line 135.

(/usr/share/texmf/tex/latex/caption/caption.sty
Package: caption 2020/01/03 v3.4h Customizing captions (AR)

(/usr/share/texmf/tex/latex/caption/caption3.sty
Package: caption3 2020/01/03 v1.8h caption3 kernel (AR)
Package caption3 Info: TeX engine: e-TeX on input line 61.
\captionmargin=\dimen196
\captionmargin@=\dimen197
\captionwidth=\dimen198
\caption@tempdima=\dimen199
\caption@indent=\dimen256
\caption@parindent=\dimen257
\caption@hangindent=\dimen258
Package caption Info: Standard document class detected.
)
\c@caption@flags=\count297
\c@continuedfloat=\count298
Package caption Info: float package is loaded.
Package caption Info: hyperref package is loaded.
Package caption Info: longtable package is loaded.

(/usr/share/texmf/tex/latex/caption/ltcaption.sty
Package: ltcaption 2018/08/26 v1.4a longtable captions (AR)
))
(/usr/share/texmf/tex/latex/etoc/etoc.sty
Package: etoc 2019/11/17 v1.09b Completely customisable TOCs (JFB)
\Etoc@toctoks=\toks33
\c@etoc@tocid=\count299
\c@etoc@tocdepth=\count300
\etoc@framed@titlebox=\box113
\etoc@framed@contentsbox=\box114
)
(/usr/share/texmf/tex/latex/l3backend/l3backend-xdvipdfmx.def
File: l3backend-xdvipdfmx.def 2020-03-12 L3 backend support: xdvipdfmx
\g__graphics_track_int=\count301
\l__pdf_internal_box=\box115
\g__pdf_backend_object_int=\count302
\g__pdf_backend_annotation_int=\count303
) (./refman.aux)
\openout1 = `refman.aux'.

LaTeX Font Info:    Checking defaults for OML/cmm/m/it on input line 150.
LaTeX Font Info:    ... okay on input line 150.
LaTeX Font Info:    Checking defaults for OMS/cmsy/m/n on input line 150.
LaTeX Font Info:    ... okay on input line 150.
LaTeX Font Info:    Checking defaults for OT1/cmr/m/n on input line 150.
LaTeX Font Info:    ... okay on input line 150.
LaTeX Font Info:    Checking defaults for T1/cmr/m/n on input line 150.
LaTeX Font Info:    ... okay on input line 150.
LaTeX Font Info:    Checking defaults for TS1/cmr/m/n on input line 150.
LaTeX Font Info:    Trying to load font information for TS1+cmr on input line 1
50.

(/usr/share/texmf/tex/latex/base/ts1cmr.fd
File: ts1cmr.fd 2019/12/16 v2.5j Standard LaTeX font definitions
)
LaTeX Font Info:    ... okay on input line 150.
LaTeX Font Info:    Checking defaults for TU/lmr/m/n on input line 150.
LaTeX Font Info:    ... okay on input line 150.
LaTeX Font Info:    Checking defaults for OMX/cmex/m/n on input line 150.
LaTeX Font Info:    ... okay on input line 150.
LaTeX Font Info:    Checking defaults for U/cmr/m/n on input line 150.
LaTeX Font Info:    ... okay on input line 150.
LaTeX Font Info:    Checking defaults for T2A/cmr/m/n on input line 150.
LaTeX Font Info:    ... okay on input line 150.
LaTeX Font Info:    Checking defaults for PD1/pdf/m/n on input line 150.
LaTeX Font Info:    ... okay on input line 150.
LaTeX Font Info:    Checking defaults for PU/pdf/m/n on input line 150.
LaTeX Font Info:    ... okay on input line 150.
LaTeX Font Info:    Trying to load font information for T1+phv on input line 15
0.

(/usr/share/texmf/tex/latex/psnfss/t1phv.fd
File: t1phv.fd 2020/03/25 scalable font definitions for T1/phv.
)
LaTeX Font Info:    Font shape `T1/phv/m/n' will be
(Font)              scaled to size 8.99994pt on input line 150.
LaTeX Font Info:    Trying to load font information for T2A+phv on input line 1
50.
LaTeX Font Info:    No file T2Aphv.fd. on input line 150.


LaTeX Font Warning: Font shape `T2A/phv/m/n' undefined
(Font)              using `T2A/cmr/m/n' instead on input line 150.

*geometry* driver: auto-detecting
*geometry* detected driver: xetex
*geometry* verbose mode - [ preamble ] result:
* driver: xetex
* paper: a4paper
* layout: <same size as paper>
* layoutoffset:(h,v)=(0.0pt,0.0pt)
* modes: twoside 
* h-part:(L,W,R)=(71.13188pt, 455.24411pt, 71.13188pt)
* v-part:(T,H,B)=(71.13188pt, 702.78308pt, 71.13188pt)
* \paperwidth=597.50787pt
* \paperheight=845.04684pt
* \textwidth=455.24411pt
* \textheight=702.78308pt
* \oddsidemargin=-1.1381pt
* \evensidemargin=-1.1381pt
* \topmargin=-38.1381pt
* \headheight=12.0pt
* \headsep=25.0pt
* \topskip=10.0pt
* \footskip=30.0pt
* \marginparwidth=121.0pt
* \marginparsep=11.0pt
* \columnsep=10.0pt
* \skip\footins=9.0pt plus 4.0pt minus 2.0pt
* \hoffset=0.0pt
* \voffset=0.0pt
* \mag=1000
* \@twocolumnfalse
* \@twosidetrue
* \@mparswitchtrue
* \@reversemarginfalse
* (1in=72.27pt=25.4mm, 1cm=28.453pt)

Package backref Info: ** backref set up for natbib ** on input line 150.
\AtBeginShipoutBox=\box116
Package hyperref Info: Link coloring ON on input line 150.
(/usr/share/texmf/tex/latex/hyperref/nameref.sty
Package: nameref 2019/09/16 v2.46 Cross-referencing by name of section

(/usr/share/texmf/tex/latex/refcount/refcount.sty
Package: refcount 2019/12/15 v3.6 Data extraction from label references (HO)
)
(/usr/share/texmf/tex/generic/gettitlestring/gettitlestring.sty
Package: gettitlestring 2019/12/15 v1.6 Cleanup title references (HO)
)
\c@section@level=\count304
)
LaTeX Info: Redefining \ref on input line 150.
LaTeX Info: Redefining \pageref on input line 150.
LaTeX Info: Redefining \nameref on input line 150.
 (./refman.out) (./refman.out)
\@outlinefile=\write5
\openout5 = `refman.out'.

Package caption Info: Begin \AtBeginDocument code.
Package caption Info: End \AtBeginDocument code.
\Etoc@tf=\read5
Package hyperref Info: Option `pageanchor' set `false' on input line 157.
Package hyperref Info: Option `bookmarksnumbered' set `true' on input line 157.

Missing character: There is no Л in font larm1440!
Missing character: There is no а in font larm1440!
Missing character: There is no б in font larm1440!
Missing character: There is no о in font larm1440!
Missing character: There is no р in font larm1440!
Missing character: There is no а in font larm1440!
Missing character: There is no т in font larm1440!
Missing character: There is no р in font larm1440!
Missing character: There is no н in font larm1440!
Missing character: There is no а in font larm1440!
Missing character: There is no р in font larm1440!
Missing character: There is no о in font larm1440!
Missing character: There is no б in font larm1440!
Missing character: There is no о in font larm1440!
Missing character: There is no т in font larm1440!
Missing character: There is no а in font larm1440!
Missing character: There is no С in font larm1200!
Missing character: There is no т in font larm1200!
Missing character: There is no в in font larm1200!
Missing character: There is no о in font larm1200!
Missing character: There is no р in font larm1200!
Missing character: There is no е in font larm1200!
Missing character: There is no н in font larm1200!
Missing character: There is no о in font larm1200!
Missing character: There is no с in font larm1200!
Missing character: There is no и in font larm1200!
Missing character: There is no с in font larm1200!
Missing character: There is no т in font larm1200!
Missing character: There is no е in font larm1200!
Missing character: There is no м in font larm1200!
Missing character: There is no о in font larm1200!
Missing character: There is no ю in font larm1200!
 [1

]
\tf@toc=\write6
\openout6 = `refman.toc'.



LaTeX Font Warning: Font shape `T2A/phv/b/n' undefined
(Font)              using `T2A/phv/m/n' instead on input line 169.

Missing character: There is no З in font larm1000!
Missing character: There is no в in font larm1000!
Missing character: There is no і in font larm1000!
Missing character: There is no т in font larm1000!
Missing character: There is no з in font larm1000!
Missing character: There is no л in font larm1000!
Missing character: There is no а in font larm1000!
Missing character: There is no б in font larm1000!
Missing character: There is no о in font larm1000!
Missing character: There is no р in font larm1000!
Missing character: There is no а in font larm1000!
Missing character: There is no т in font larm1000!
Missing character: There is no о in font larm1000!
Missing character: There is no р in font larm1000!
Missing character: There is no н in font larm1000!
Missing character: There is no о in font larm1000!
Missing character: There is no ї in font larm1000!
Missing character: There is no р in font larm1000!
Missing character: There is no о in font larm1000!
Missing character: There is no б in font larm1000!
Missing character: There is no о in font larm1000!
Missing character: There is no т in font larm1000!
Missing character: There is no и in font larm1000!
LaTeX Font Info:    Trying to load font information for U+msa on input line 169
.
(/usr/share/texmf/tex/latex/amsfonts/umsa.fd
File: umsa.fd 2013/01/14 v3.01 AMS symbols A
)
LaTeX Font Info:    Trying to load font information for U+msb on input line 169
.

(/usr/share/texmf/tex/latex/amsfonts/umsb.fd
File: umsb.fd 2013/01/14 v3.01 AMS symbols B
)
LaTeX Font Info:    Trying to load font information for U+wasy on input line 16
9.

(/usr/share/texmf/tex/latex/wasysym/uwasy.fd
File: uwasy.fd 2020/01/19 v2.4 Wasy-2 symbol font definitions
)
Missing character: There is no П in font larm1000!
Missing character: There is no о in font larm1000!
Missing character: There is no с in font larm1000!
Missing character: There is no т in font larm1000!
Missing character: There is no а in font larm1000!
Missing character: There is no н in font larm1000!
Missing character: There is no о in font larm1000!
Missing character: There is no в in font larm1000!
Missing character: There is no к in font larm1000!
Missing character: There is no а in font larm1000!
Missing character: There is no з in font larm1000!
Missing character: There is no а in font larm1000!
Missing character: There is no д in font larm1000!
Missing character: There is no а in font larm1000!
Missing character: There is no ч in font larm1000!
Missing character: There is no і in font larm1000!
Missing character: There is no О in font larm1000!
Missing character: There is no п in font larm1000!
Missing character: There is no и in font larm1000!
Missing character: There is no с in font larm1000!
Missing character: There is no р in font larm1000!
Missing character: There is no о in font larm1000!
Missing character: There is no б in font larm1000!
Missing character: There is no о in font larm1000!
Missing character: There is no т in font larm1000!
Missing character: There is no и in font larm1000!
Missing character: There is no п in font larm1000!
Missing character: There is no р in font larm1000!
Missing character: There is no о in font larm1000!
Missing character: There is no г in font larm1000!
Missing character: There is no р in font larm1000!
Missing character: There is no а in font larm1000!
Missing character: There is no м in font larm1000!
Missing character: There is no и in font larm1000!
Missing character: There is no В in font larm1000!
Missing character: There is no и in font larm1000!
Missing character: There is no с in font larm1000!
Missing character: There is no н in font larm1000!
Missing character: There is no о in font larm1000!
Missing character: There is no в in font larm1000!
Missing character: There is no к in font larm1000!
Missing character: There is no и in font larm1000!
Missing character: There is no П in font larm1000!
Missing character: There is no о in font larm1000!
Missing character: There is no к in font larm1000!
Missing character: There is no а in font larm1000!
Missing character: There is no ж in font larm1000!
Missing character: There is no ч in font larm1000!
Missing character: There is no и in font larm1000!
Missing character: There is no к in font larm1000!
Missing character: There is no ф in font larm1000!
Missing character: There is no а in font larm1000!
Missing character: There is no й in font larm1000!
Missing character: There is no л in font larm1000!
Missing character: There is no в in font larm1000!
Missing character: There is no Ф in font larm1000!
Missing character: There is no а in font larm1000!
Missing character: There is no й in font larm1000!
Missing character: There is no л in font larm1000!
Missing character: There is no и in font larm1000!
Missing character: There is no Ф in font larm1000!
Missing character: There is no а in font larm1000!
Missing character: There is no й in font larm1000!
Missing character: There is no л in font larm1000!
Missing character: There is no и in font larm1000!
Missing character: There is no Ф in font larm1000!
Missing character: There is no а in font larm1000!
Missing character: There is no й in font larm1000!
Missing character: There is no л in font larm1000!
Missing character: There is no Ф in font larm1000!
Missing character: There is no а in font larm1000!
Missing character: There is no й in font larm1000!
Missing character: There is no л in font larm1000!
Package hyperref Info: Option `pageanchor' set `true' on input line 170.
Missing character: There is no З in font larm1440!
Missing character: There is no в in font larm1440!
Missing character: There is no і in font larm1440!
Missing character: There is no т in font larm1440!
Missing character: There is no з in font larm1440!
Missing character: There is no л in font larm1440!
Missing character: There is no а in font larm1440!
Missing character: There is no б in font larm1440!
Missing character: There is no о in font larm1440!
Missing character: There is no р in font larm1440!
Missing character: There is no а in font larm1440!
Missing character: There is no т in font larm1440!
Missing character: There is no о in font larm1440!
Missing character: There is no р in font larm1440!
Missing character: There is no н in font larm1440!
Missing character: There is no о in font larm1440!
Missing character: There is no ї in font larm1440!
Missing character: There is no р in font larm1440!
Missing character: There is no о in font larm1440!
Missing character: There is no б in font larm1440!
Missing character: There is no о in font larm1440!
Missing character: There is no т in font larm1440!
Missing character: There is no и in font larm1440!
 (./index.tex
Missing character: There is no з in font larm1000!
Missing character: There is no а in font larm1000!
Missing character: There is no д in font larm1000!
Missing character: There is no и in font larm1000!
Missing character: There is no с in font larm1000!
Missing character: There is no ц in font larm1000!
Missing character: There is no и in font larm1000!
Missing character: There is no п in font larm1000!
Missing character: There is no л in font larm1000!
Missing character: There is no і in font larm1000!
Missing character: There is no н in font larm1000!
Missing character: There is no о in font larm1000!
Missing character: There is no ю in font larm1000!
Missing character: There is no І in font larm1000!
Missing character: There is no н in font larm1000!
Missing character: There is no т in font larm1000!
Missing character: There is no е in font larm1000!
Missing character: There is no л in font larm1000!
Missing character: There is no е in font larm1000!
Missing character: There is no к in font larm1000!
Missing character: There is no т in font larm1000!
Missing character: There is no у in font larm1000!
Missing character: There is no а in font larm1000!
Missing character: There is no л in font larm1000!
Missing character: There is no ь in font larm1000!
Missing character: There is no н in font larm1000!
Missing character: There is no і in font larm1000!
Missing character: There is no і in font larm1000!
Missing character: There is no н in font larm1000!
Missing character: There is no ф in font larm1000!
Missing character: There is no о in font larm1000!
Missing character: There is no р in font larm1000!
Missing character: There is no м in font larm1000!
Missing character: There is no а in font larm1000!
Missing character: There is no ц in font larm1000!
Missing character: There is no і in font larm1000!
Missing character: There is no й in font larm1000!
Missing character: There is no н in font larm1000!
Missing character: There is no і in font larm1000!
Missing character: There is no с in font larm1000!
Missing character: There is no и in font larm1000!
Missing character: There is no с in font larm1000!
Missing character: There is no т in font larm1000!
Missing character: There is no е in font larm1000!
Missing character: There is no м in font larm1000!
Missing character: There is no и in font larm1000!
Missing character: There is no с in font larm1000!
Missing character: There is no т in font larm1000!
Missing character: There is no у in font larm1000!
Missing character: There is no д in font larm1000!
Missing character: There is no е in font larm1000!
Missing character: There is no н in font larm1000!
Missing character: There is no т in font larm1000!
Missing character: There is no а in font larm1000!
Missing character: There is no г in font larm1000!
Missing character: There is no р in font larm1000!
Missing character: There is no у in font larm1000!
Missing character: There is no п in font larm1000!
Missing character: There is no и in font larm1000!
Missing character: There is no П in font larm1000!
Missing character: There is no А in font larm1000!
Missing character: There is no П in font larm1000!
Missing character: There is no а in font larm1000!
Missing character: There is no н in font larm1000!
Missing character: There is no а in font larm1000!
Missing character: There is no с in font larm1000!
Missing character: There is no е in font larm1000!
Missing character: There is no н in font larm1000!
Missing character: There is no к in font larm1000!
Missing character: There is no а in font larm1000!
Missing character: There is no Є in font larm1000!
Missing character: There is no г in font larm1000!
Missing character: There is no о in font larm1000!
Missing character: There is no р in font larm1000!
Missing character: There is no а in font larm1000!
Missing character: There is no С in font larm1000!
Missing character: There is no е in font larm1000!
Missing character: There is no р in font larm1000!
Missing character: There is no г in font larm1000!
Missing character: There is no і in font larm1000!
Missing character: There is no й in font larm1000!
Missing character: There is no о in font larm1000!
Missing character: There is no в in font larm1000!
Missing character: There is no и in font larm1000!
Missing character: There is no ч in font larm1000!
Missing character: There is no а in font larm1000!
Missing character: There is no К in font larm1000!
Missing character: There is no а in font larm1000!
Missing character: There is no ф in font larm1000!
Missing character: There is no е in font larm1000!
Missing character: There is no д in font larm1000!
Missing character: There is no р in font larm1000!
Missing character: There is no а in font larm1000!
Missing character: There is no к in font larm1000!
Missing character: There is no о in font larm1000!
Missing character: There is no м in font larm1000!
Missing character: There is no п in font larm1000!
LaTeX Font Info:    Trying to load font information for TS1+phv on input line 4
.

(/usr/share/texmf/tex/latex/psnfss/ts1phv.fd
File: ts1phv.fd 2020/03/25 scalable font definitions for TS1/phv.
)
LaTeX Font Info:    Font shape `TS1/phv/m/n' will be
(Font)              scaled to size 8.99994pt on input line 4.
Missing character: There is no ю in font larm1000!
Missing character: There is no т in font larm1000!
Missing character: There is no е in font larm1000!
Missing character: There is no р in font larm1000!
Missing character: There is no н in font larm1000!
Missing character: There is no и in font larm1000!
Missing character: There is no х in font larm1000!
Missing character: There is no т in font larm1000!
Missing character: There is no е in font larm1000!
Missing character: There is no х in font larm1000!
Missing character: There is no н in font larm1000!
Missing character: There is no о in font larm1000!
Missing character: There is no л in font larm1000!
Missing character: There is no о in font larm1000!
Missing character: There is no г in font larm1000!
Missing character: There is no і in font larm1000!
Missing character: There is no й in font larm1000!
Missing character: There is no Ф in font larm1000!
Missing character: There is no П in font larm1000!
Missing character: There is no М in font larm1000!
Missing character: There is no Д in font larm1000!
Missing character: There is no Н in font larm1000!
Missing character: There is no У in font larm1000!
Missing character: There is no н in font larm1000!
Missing character: There is no а in font larm1000!
Missing character: There is no в in font larm1000!
Missing character: There is no ч in font larm1000!
Missing character: There is no р in font larm1000!
Missing character: There is no В in font larm1000!
Missing character: There is no а in font larm1000!
Missing character: There is no р in font larm1000!
Missing character: There is no а in font larm1000!
Missing character: There is no н in font larm1000!
Missing character: There is no т in font larm1000!

Underfull \hbox (badness 10000) in paragraph at lines 1--7

 []


Underfull \hbox (badness 10000) in paragraph at lines 1--7

 []

Missing character: There is no З in font larm1000!
Missing character: There is no в in font larm1000!
Missing character: There is no і in font larm1000!
Missing character: There is no т in font larm1000!
Missing character: There is no д in font larm1000!
Missing character: There is no о in font larm1000!
Missing character: There is no с in font larm1000!
Missing character: There is no т in font larm1000!
Missing character: There is no у in font larm1000!
Missing character: There is no п in font larm1000!
Missing character: There is no н in font larm1000!
Missing character: There is no и in font larm1000!
Missing character: There is no й in font larm1000!
Missing character: There is no з in font larm1000!
Missing character: There is no а in font larm1000!
Missing character: There is no п in font larm1000!
Missing character: There is no о in font larm1000!
Missing character: There is no с in font larm1000!
Missing character: There is no и in font larm1000!
Missing character: There is no л in font larm1000!
Missing character: There is no а in font larm1000!
Missing character: There is no н in font larm1000!
Missing character: There is no н in font larm1000!
Missing character: There is no я in font larm1000!
Missing character: There is no м in font larm1000!
LaTeX Font Info:    Trying to load font information for T2A+pcr on input line 1
0.
LaTeX Font Info:    No file T2Apcr.fd. on input line 10.

LaTeX Font Warning: Font shape `T2A/pcr/m/n' undefined
(Font)              using `T2A/cmr/m/n' instead on input line 10.

Missing character: There is no В in font larm1000!
Missing character: There is no и in font larm1000!
Missing character: There is no х in font larm1000!
Missing character: There is no і in font larm1000!
Missing character: There is no д in font larm1000!
Missing character: There is no н in font larm1000!
Missing character: There is no и in font larm1000!
Missing character: There is no й in font larm1000!
Missing character: There is no к in font larm1000!
Missing character: There is no о in font larm1000!
Missing character: There is no д in font larm1000!
Missing character: There is no д in font larm1000!
Missing character: There is no о in font larm1000!
Missing character: There is no с in font larm1000!
Missing character: There is no т in font larm1000!
Missing character: There is no у in font larm1000!
Missing character: There is no п in font larm1000!
Missing character: There is no н in font larm1000!
Missing character: There is no и in font larm1000!
Missing character: There is no й in font larm1000!
Missing character: There is no з in font larm1000!
Missing character: There is no а in font larm1000!
Missing character: There is no п in font larm1000!
Missing character: There is no о in font larm1000!
Missing character: There is no с in font larm1000!
Missing character: There is no и in font larm1000!
Missing character: There is no л in font larm1000!
Missing character: There is no а in font larm1000!
Missing character: There is no н in font larm1000!
Missing character: There is no н in font larm1000!
Missing character: There is no я in font larm1000!
Missing character: There is no м in font larm1000!

Underfull \hbox (badness 10000) in paragraph at lines 9--12

 []

Missing character: There is no П in font larm1200!
Missing character: There is no о in font larm1200!
Missing character: There is no с in font larm1200!
Missing character: There is no т in font larm1200!
Missing character: There is no а in font larm1200!
Missing character: There is no н in font larm1200!
Missing character: There is no о in font larm1200!
Missing character: There is no в in font larm1200!
Missing character: There is no к in font larm1200!
Missing character: There is no а in font larm1200!
Missing character: There is no з in font larm1200!
Missing character: There is no а in font larm1200!
Missing character: There is no д in font larm1200!
Missing character: There is no а in font larm1200!
Missing character: There is no ч in font larm1200!
Missing character: There is no і in font larm1200!
Missing character: There is no В in font larm1000!
Missing character: There is no и in font larm1000!
Missing character: There is no р in font larm1000!
Missing character: There is no і in font larm1000!
Missing character: There is no ш in font larm1000!
Missing character: There is no и in font larm1000!
Missing character: There is no т in font larm1000!
Missing character: There is no и in font larm1000!
Missing character: There is no з in font larm1000!
Missing character: There is no а in font larm1000!
Missing character: There is no д in font larm1000!
Missing character: There is no а in font larm1000!
Missing character: There is no ч in font larm1000!
Missing character: There is no і in font larm1000!
Missing character: There is no а in font larm1000!
Missing character: There is no н in font larm1000!
Missing character: There is no а in font larm1000!
Missing character: There is no л in font larm1000!
Missing character: There is no о in font larm1000!
Missing character: There is no г in font larm1000!
Missing character: There is no і in font larm1000!
Missing character: There is no ч in font larm1000!
Missing character: There is no н in font larm1000!
Missing character: There is no і in font larm1000!
Missing character: There is no д in font larm1000!
Missing character: There is no о in font larm1000!
Missing character: There is no т in font larm1000!
Missing character: There is no и in font larm1000!
Missing character: There is no х in font larm1000!
Missing character: There is no я in font larm1000!
Missing character: There is no к in font larm1000!
Missing character: There is no і in font larm1000!
Missing character: There is no д in font larm1000!
Missing character: There is no а in font larm1000!
Missing character: There is no н in font larm1000!
Missing character: There is no і in font larm1000!
Missing character: There is no п in font larm1000!
Missing character: There is no о in font larm1000!
Missing character: There is no п in font larm1000!
Missing character: There is no е in font larm1000!
Missing character: There is no р in font larm1000!
Missing character: There is no е in font larm1000!
Missing character: There is no д in font larm1000!
Missing character: There is no н in font larm1000!
Missing character: There is no ь in font larm1000!
Missing character: There is no о in font larm1000!
Missing character: There is no м in font larm1000!
Missing character: There is no у in font larm1000!
Missing character: There is no з in font larm1000!
Missing character: There is no а in font larm1000!
Missing character: There is no в in font larm1000!
Missing character: There is no д in font larm1000!
Missing character: There is no а in font larm1000!
Missing character: There is no н in font larm1000!
Missing character: There is no н in font larm1000!
Missing character: There is no і in font larm1000!
Missing character: There is no д in font larm1000!
Missing character: There is no и in font larm1000!
Missing character: There is no в in font larm1000!
Missing character: There is no р in font larm1000!
Missing character: There is no о in font larm1000!
Missing character: There is no з in font larm1000!
Missing character: There is no д in font larm1000!
Missing character: There is no і in font larm1000!
Missing character: There is no л in font larm1000!
Missing character: There is no “ in font larm1000!
Missing character: There is no О in font larm1000!
Missing character: There is no б in font larm1000!
Missing character: There is no ’ in font larm1000!
Missing character: There is no є in font larm1000!
Missing character: There is no к in font larm1000!
Missing character: There is no т in font larm1000!
Missing character: There is no и in font larm1000!
Missing character: There is no д in font larm1000!
Missing character: There is no а in font larm1000!
Missing character: There is no н in font larm1000!
Missing character: There is no и in font larm1000!
Missing character: There is no х in font larm1000!
Missing character: There is no ” in font larm1000!
Missing character: There is no а in font larm1000!
Missing character: There is no л in font larm1000!
Missing character: There is no е in font larm1000!
Missing character: There is no р in font larm1000!
Missing character: There is no о in font larm1000!
Missing character: There is no д in font larm1000!
Missing character: There is no и in font larm1000!
Missing character: There is no н in font larm1000!
Missing character: There is no н in font larm1000!
Missing character: There is no е in font larm1000!
Missing character: There is no д in font larm1000!
Missing character: There is no е in font larm1000!
Missing character: There is no р in font larm1000!
Missing character: There is no е in font larm1000!
Missing character: There is no в in font larm1000!
Missing character: There is no о in font larm1000!
Missing character: There is no з in font larm1000!
Missing character: There is no ф in font larm1000!
Missing character: There is no а in font larm1000!
Missing character: There is no к in font larm1000!
Missing character: There is no т in font larm1000!
Missing character: There is no а in font larm1000!
Missing character: There is no м in font larm1000!
Missing character: There is no и in font larm1000!
Missing character: There is no п in font larm1000!
Missing character: There is no о in font larm1000!
Missing character: There is no в in font larm1000!
Missing character: There is no и in font larm1000!
Missing character: There is no н in font larm1000!
Missing character: There is no н in font larm1000!
Missing character: There is no е in font larm1000!
Missing character: There is no з in font larm1000!
Missing character: There is no н in font larm1000!
Missing character: There is no а in font larm1000!
Missing character: There is no х in font larm1000!
Missing character: There is no о in font larm1000!
Missing character: There is no д in font larm1000!
Missing character: There is no и in font larm1000!
Missing character: There is no т in font larm1000!
Missing character: There is no и in font larm1000!
Missing character: There is no с in font larm1000!
Missing character: There is no ь in font larm1000!
Missing character: There is no в in font larm1000!
Missing character: There is no д in font larm1000!
Missing character: There is no и in font larm1000!
Missing character: There is no н in font larm1000!
Missing character: There is no а in font larm1000!
Missing character: There is no м in font larm1000!
Missing character: There is no і in font larm1000!
Missing character: There is no ч in font larm1000!
Missing character: There is no н in font larm1000!
Missing character: There is no і in font larm1000!
Missing character: There is no й in font larm1000!
Missing character: There is no б in font larm1000!
Missing character: There is no а in font larm1000!
Missing character: There is no з in font larm1000!
Missing character: There is no і in font larm1000!
Missing character: There is no д in font larm1000!
Missing character: There is no а in font larm1000!
Missing character: There is no н in font larm1000!
Missing character: There is no и in font larm1000!
Missing character: There is no х in font larm1000!
Missing character: There is no К in font larm1000!
Missing character: There is no о in font larm1000!
Missing character: There is no р in font larm1000!
Missing character: There is no и in font larm1000!
Missing character: There is no с in font larm1000!
Missing character: There is no т in font larm1000!
Missing character: There is no у in font larm1000!
Missing character: There is no в in font larm1000!
Missing character: There is no а in font larm1000!
Missing character: There is no ч in font larm1000!
Missing character: There is no м in font larm1000!
Missing character: There is no а in font larm1000!
Missing character: There is no є in font larm1000!
Missing character: There is no с in font larm1000!
Missing character: There is no а in font larm1000!
Missing character: There is no м in font larm1000!
Missing character: There is no з in font larm1000!
Missing character: There is no а in font larm1000!
Missing character: There is no п in font larm1000!
Missing character: There is no о in font larm1000!
Missing character: There is no в in font larm1000!
Missing character: There is no н in font larm1000!
Missing character: There is no и in font larm1000!
Missing character: There is no т in font larm1000!
Missing character: There is no и in font larm1000!
Missing character: There is no ц in font larm1000!
Missing character: There is no ю in font larm1000!
Missing character: There is no б in font larm1000!
Missing character: There is no а in font larm1000!
Missing character: There is no з in font larm1000!
Missing character: There is no у in font larm1000!
Missing character: There is no д in font larm1000!
Missing character: There is no а in font larm1000!
Missing character: There is no н in font larm1000!
Missing character: There is no и in font larm1000!
Missing character: There is no х in font larm1000!
Missing character: There is no п in font larm1000!
Missing character: There is no і in font larm1000!
Missing character: There is no д in font larm1000!
Missing character: There is no ч in font larm1000!
Missing character: There is no а in font larm1000!
Missing character: There is no с in font larm1000!
Missing character: There is no в in font larm1000!
Missing character: There is no и in font larm1000!
Missing character: There is no к in font larm1000!
Missing character: There is no о in font larm1000!
Missing character: There is no н in font larm1000!
Missing character: There is no а in font larm1000!
Missing character: There is no н in font larm1000!
Missing character: There is no н in font larm1000!
Missing character: There is no я in font larm1000!
Missing character: There is no п in font larm1000!
Missing character: There is no р in font larm1000!
Missing character: There is no о in font larm1000!
Missing character: There is no г in font larm1000!
Missing character: There is no р in font larm1000!
Missing character: There is no а in font larm1000!
Missing character: There is no м in font larm1000!
Missing character: There is no и in font larm1000!
Missing character: There is no а in font larm1000!
Missing character: There is no п in font larm1000!
Missing character: There is no о in font larm1000!
Missing character: There is no т in font larm1000!
Missing character: There is no і in font larm1000!
Missing character: There is no м in font larm1000!
Missing character: There is no з in font larm1000!
Missing character: There is no а in font larm1000!
Missing character: There is no п in font larm1000!
Missing character: There is no и in font larm1000!
Missing character: There is no с in font larm1000!
Missing character: There is no а in font larm1000!
Missing character: There is no т in font larm1000!
Missing character: There is no и in font larm1000!
Missing character: There is no ї in font larm1000!
Missing character: There is no ї in font larm1000!
Missing character: There is no в in font larm1000!
Missing character: There is no ф in font larm1000!
Missing character: There is no а in font larm1000!
Missing character: There is no й in font larm1000!
Missing character: There is no л in font larm1000!
Missing character: There is no М in font larm1000!
Missing character: There is no о in font larm1000!
Missing character: There is no ж in font larm1000!
Missing character: There is no н in font larm1000!
Missing character: There is no а in font larm1000!
Missing character: There is no п in font larm1000!
Missing character: There is no о in font larm1000!
Missing character: There is no т in font larm1000!
Missing character: There is no і in font larm1000!
Missing character: There is no м in font larm1000!
Missing character: There is no з in font larm1000!
Missing character: There is no ч in font larm1000!
Missing character: There is no и in font larm1000!
Missing character: There is no т in font larm1000!
Missing character: There is no а in font larm1000!
Missing character: There is no т in font larm1000!
Missing character: There is no и in font larm1000!
Missing character: There is no ї in font larm1000!
Missing character: There is no ї in font larm1000!
Missing character: There is no з in font larm1000!
Missing character: There is no ф in font larm1000!
Missing character: There is no а in font larm1000!
Missing character: There is no й in font larm1000!
Missing character: There is no л in font larm1000!
Missing character: There is no у in font larm1000!
Missing character: There is no П in font larm1000!
Missing character: There is no р in font larm1000!
Missing character: There is no о in font larm1000!
Missing character: There is no г in font larm1000!
Missing character: There is no р in font larm1000!
Missing character: There is no а in font larm1000!
Missing character: There is no м in font larm1000!
Missing character: There is no а in font larm1000!
Missing character: There is no п in font larm1000!
Missing character: There is no о in font larm1000!
Missing character: There is no в in font larm1000!
Missing character: There is no и in font larm1000!
Missing character: There is no н in font larm1000!
Missing character: There is no н in font larm1000!
Missing character: There is no а in font larm1000!
Missing character: There is no м in font larm1000!
Missing character: There is no а in font larm1000!
Missing character: There is no т in font larm1000!
Missing character: There is no и in font larm1000!
Missing character: There is no м in font larm1000!
Missing character: There is no е in font larm1000!
Missing character: There is no н in font larm1000!
Missing character: There is no ю in font larm1000!
Missing character: There is no я in font larm1000!
Missing character: There is no к in font larm1000!
Missing character: There is no е in font larm1000!
Missing character: There is no д in font larm1000!
Missing character: There is no о in font larm1000!
Missing character: There is no з in font larm1000!
Missing character: There is no в in font larm1000!
Missing character: There is no о in font larm1000!
Missing character: There is no л in font larm1000!
Missing character: There is no я in font larm1000!
Missing character: There is no є in font larm1000!
Missing character: There is no в in font larm1000!
Missing character: There is no и in font larm1000!
Missing character: There is no к in font larm1000!
Missing character: There is no о in font larm1000!
Missing character: There is no н in font larm1000!
Missing character: There is no у in font larm1000!
Missing character: There is no в in font larm1000!
Missing character: There is no а in font larm1000!
Missing character: There is no т in font larm1000!
Missing character: There is no и in font larm1000!
Missing character: There is no к in font larm1000!
Missing character: There is no о in font larm1000!
Missing character: There is no м in font larm1000!
Missing character: There is no а in font larm1000!
Missing character: There is no н in font larm1000!
Missing character: There is no д in font larm1000!
Missing character: There is no и in font larm1000!
Missing character: There is no к in font larm1000!
Missing character: There is no о in font larm1000!
Missing character: There is no р in font larm1000!
Missing character: There is no и in font larm1000!
Missing character: There is no с in font larm1000!
Missing character: There is no т in font larm1000!
Missing character: There is no у in font larm1000!
Missing character: There is no в in font larm1000!
Missing character: There is no а in font larm1000!
Missing character: There is no ч in font larm1000!
Missing character: There is no а in font larm1000!
Missing character: There is no н in font larm1000!
Missing character: There is no а in font larm1000!
Missing character: There is no п in font larm1000!
Missing character: There is no р in font larm1000!
Missing character: There is no и in font larm1000!
Missing character: There is no к in font larm1000!
Missing character: There is no л in font larm1000!
Missing character: There is no а in font larm1000!
Missing character: There is no д in font larm1000!
Missing character: There is no з in font larm1000!
Missing character: There is no а in font larm1000!
Missing character: There is no п in font larm1000!
Missing character: There is no о in font larm1000!
Missing character: There is no в in font larm1000!
Missing character: There is no н in font larm1000!
Missing character: There is no и in font larm1000!
Missing character: There is no т in font larm1000!
Missing character: There is no и in font larm1000!
Missing character: There is no б in font larm1000!
Missing character: There is no а in font larm1000!
Missing character: There is no з in font larm1000!
Missing character: There is no у in font larm1000!
Missing character: There is no д in font larm1000!
Missing character: There is no а in font larm1000!
Missing character: There is no н in font larm1000!
Missing character: There is no и in font larm1000!
Missing character: There is no х in font larm1000!
Missing character: There is no з in font larm1000!
Missing character: There is no а in font larm1000!
Missing character: There is no п in font larm1000!
Missing character: There is no и in font larm1000!
Missing character: There is no с in font larm1000!
Missing character: There is no а in font larm1000!
Missing character: There is no т in font larm1000!
Missing character: There is no и in font larm1000!
Missing character: There is no б in font larm1000!
Missing character: There is no а in font larm1000!
Missing character: There is no з in font larm1000!
Missing character: There is no у in font larm1000!
Missing character: There is no в in font larm1000!
Missing character: There is no ф in font larm1000!
Missing character: There is no а in font larm1000!
Missing character: There is no й in font larm1000!
Missing character: There is no л in font larm1000!
Missing character: There is no з in font larm1000!
Missing character: There is no ч in font larm1000!
Missing character: There is no и in font larm1000!
Missing character: There is no т in font larm1000!
Missing character: There is no а in font larm1000!
Missing character: There is no т in font larm1000!
Missing character: There is no и in font larm1000!
Missing character: There is no б in font larm1000!
Missing character: There is no а in font larm1000!
Missing character: There is no з in font larm1000!
Missing character: There is no у in font larm1000!
Missing character: There is no і in font larm1000!
Missing character: There is no з in font larm1000!
Missing character: There is no ф in font larm1000!
Missing character: There is no а in font larm1000!
Missing character: There is no й in font larm1000!
Missing character: There is no л in font larm1000!
Missing character: There is no у in font larm1000!
Missing character: There is no з in font larm1000!
Missing character: There is no н in font larm1000!
Missing character: There is no а in font larm1000!
Missing character: There is no й in font larm1000!
Missing character: There is no т in font larm1000!
Missing character: There is no и in font larm1000!
Missing character: There is no п in font larm1000!
Missing character: There is no р in font larm1000!
Missing character: There is no а in font larm1000!
Missing character: There is no д in font larm1000!
Missing character: There is no і in font larm1000!
Missing character: There is no д in font larm1000!
Missing character: There is no а in font larm1000!
Missing character: There is no в in font larm1000!
Missing character: There is no и in font larm1000!
Missing character: There is no х in font larm1000!
Missing character: There is no і in font larm1000!
Missing character: There is no д in font larm1000!
Missing character: There is no О in font larm1200!
Missing character: There is no п in font larm1200!
Missing character: There is no и in font larm1200!
Missing character: There is no с in font larm1200!
Missing character: There is no р in font larm1200!
Missing character: There is no о in font larm1200!
Missing character: There is no б in font larm1200!
Missing character: There is no о in font larm1200!
Missing character: There is no т in font larm1200!
Missing character: There is no и in font larm1200!
Missing character: There is no п in font larm1200!
Missing character: There is no р in font larm1200!
Missing character: There is no о in font larm1200!
Missing character: There is no г in font larm1200!
Missing character: There is no р in font larm1200!
Missing character: There is no а in font larm1200!
Missing character: There is no м in font larm1200!
Missing character: There is no и in font larm1200!
Missing character: There is no П in font larm1000!
Missing character: There is no р in font larm1000!
Missing character: There is no о in font larm1000!
Missing character: There is no г in font larm1000!
Missing character: There is no р in font larm1000!
Missing character: There is no а in font larm1000!
Missing character: There is no м in font larm1000!
Missing character: There is no а in font larm1000!
Missing character: There is no с in font larm1000!
Missing character: There is no т in font larm1000!
Missing character: There is no в in font larm1000!
Missing character: There is no о in font larm1000!
Missing character: There is no р in font larm1000!
Missing character: There is no е in font larm1000!
Missing character: There is no н in font larm1000!
Missing character: There is no а in font larm1000!
Missing character: There is no з in font larm1000!
Missing character: There is no а in font larm1000!
Missing character: There is no д in font larm1000!
Missing character: There is no о in font larm1000!
Missing character: There is no п in font larm1000!
Missing character: There is no о in font larm1000!
Missing character: There is no м in font larm1000!
Missing character: There is no о in font larm1000!
Missing character: There is no г in font larm1000!
Missing character: There is no о in font larm1000!
Missing character: There is no ю in font larm1000!
Missing character: There is no т in font larm1000!
Missing character: There is no е in font larm1000!
Missing character: There is no х in font larm1000!
Missing character: There is no н in font larm1000!
Missing character: There is no о in font larm1000!
Missing character: There is no л in font larm1000!
Missing character: There is no о in font larm1000!
Missing character: There is no г in font larm1000!
Missing character: There is no і in font larm1000!
Missing character: There is no ї in font larm1000!
Missing character: There is no П in font larm1000!
Missing character: There is no р in font larm1000!
Missing character: There is no о in font larm1000!
Missing character: There is no е in font larm1000!
Missing character: There is no к in font larm1000!
Missing character: There is no т in font larm1000!
Missing character: There is no с in font larm1000!
Missing character: There is no т in font larm1000!
Missing character: There is no в in font larm1000!
Missing character: There is no о in font larm1000!
Missing character: There is no р in font larm1000!
Missing character: There is no е in font larm1000!
Missing character: There is no н in font larm1000!
Missing character: There is no и in font larm1000!
Missing character: There is no й in font larm1000!
Missing character: There is no у in font larm1000!
Missing character: There is no г in font larm1000!
Missing character: There is no р in font larm1000!
Missing character: There is no а in font larm1000!
Missing character: There is no ф in font larm1000!
Missing character: There is no і in font larm1000!
Missing character: There is no ч in font larm1000!
Missing character: There is no н in font larm1000!
Missing character: There is no о in font larm1000!
Missing character: There is no м in font larm1000!
Missing character: There is no у in font larm1000!
Missing character: There is no р in font larm1000!
Missing character: There is no е in font larm1000!
Missing character: There is no ж in font larm1000!
Missing character: There is no и in font larm1000!
Missing character: There is no м in font larm1000!
Missing character: There is no і in font larm1000!
Missing character: There is no щ in font larm1000!
Missing character: There is no о in font larm1000!
Missing character: There is no д in font larm1000!
Missing character: There is no о in font larm1000!
Missing character: There is no з in font larm1000!
Missing character: There is no в in font larm1000!
Missing character: There is no о in font larm1000!
Missing character: There is no л in font larm1000!
Missing character: There is no я in font larm1000!
Missing character: There is no є in font larm1000!
Missing character: There is no с in font larm1000!
Missing character: There is no т in font larm1000!
Missing character: There is no в in font larm1000!
Missing character: There is no о in font larm1000!
Missing character: There is no р in font larm1000!
Missing character: There is no и in font larm1000!
Missing character: There is no т in font larm1000!
Missing character: There is no и in font larm1000!
Missing character: There is no п in font larm1000!
Missing character: There is no р in font larm1000!
Missing character: There is no о in font larm1000!
Missing character: There is no с in font larm1000!
Missing character: There is no т in font larm1000!
Missing character: There is no е in font larm1000!
Missing character: There is no і in font larm1000!
Missing character: There is no н in font larm1000!
Missing character: There is no т in font larm1000!
Missing character: There is no е in font larm1000!
Missing character: There is no р in font larm1000!
Missing character: There is no а in font larm1000!
Missing character: There is no к in font larm1000!
Missing character: There is no т in font larm1000!
Missing character: There is no и in font larm1000!
Missing character: There is no в in font larm1000!
Missing character: There is no н in font larm1000!
Missing character: There is no е in font larm1000!
Missing character: There is no в in font larm1000!
Missing character: There is no і in font larm1000!
Missing character: There is no к in font larm1000!
Missing character: There is no н in font larm1000!
Missing character: There is no о in font larm1000!
Missing character: There is no П in font larm1000!
Missing character: There is no р in font larm1000!
Missing character: There is no и in font larm1000!
Missing character: There is no з in font larm1000!
Missing character: There is no а in font larm1000!
Missing character: There is no п in font larm1000!
Missing character: There is no у in font larm1000!
Missing character: There is no с in font larm1000!
Missing character: There is no к in font larm1000!
Missing character: There is no у in font larm1000!
Missing character: There is no п in font larm1000!
Missing character: There is no р in font larm1000!
Missing character: There is no о in font larm1000!
Missing character: There is no г in font larm1000!
Missing character: There is no р in font larm1000!
Missing character: There is no а in font larm1000!
Missing character: There is no м in font larm1000!
Missing character: There is no и in font larm1000!
Missing character: There is no о in font larm1000!
Missing character: There is no т in font larm1000!
Missing character: There is no р in font larm1000!
Missing character: There is no и in font larm1000!
Missing character: There is no м in font larm1000!
Missing character: There is no а in font larm1000!
Missing character: There is no є in font larm1000!
Missing character: There is no м in font larm1000!
Missing character: There is no о in font larm1000!
Missing character: There is no м in font larm1000!
Missing character: There is no е in font larm1000!
Missing character: There is no н in font larm1000!
Missing character: There is no ю in font larm1000!
Missing character: There is no з in font larm1000!
Missing character: There is no а in font larm1000!
Missing character: There is no п in font larm1000!
Missing character: There is no о in font larm1000!
Missing character: There is no с in font larm1000!
Missing character: There is no т in font larm1000!
Missing character: There is no а in font larm1000!
Missing character: There is no н in font larm1000!
Missing character: There is no о in font larm1000!
Missing character: There is no в in font larm1000!
Missing character: There is no к in font larm1000!
Missing character: There is no о in font larm1000!
Missing character: There is no ю in font larm1000!
Missing character: There is no з in font larm1000!
Missing character: There is no а in font larm1000!
Missing character: There is no д in font larm1000!
Missing character: There is no а in font larm1000!
Missing character: There is no ч in font larm1000!
Missing character: There is no і in font larm1000!
Missing character: There is no Н in font larm1000!
Missing character: There is no а in font larm1000!
Missing character: There is no н in font larm1000!
Missing character: There is no а in font larm1000!
Missing character: There is no с in font larm1000!
Missing character: There is no т in font larm1000!
Missing character: There is no у in font larm1000!
Missing character: There is no п in font larm1000!
Missing character: There is no н in font larm1000!
Missing character: There is no о in font larm1000!
Missing character: There is no м in font larm1000!
Missing character: There is no у in font larm1000!
Missing character: There is no з in font larm1000!
Missing character: There is no о in font larm1000!
Missing character: There is no б in font larm1000!
Missing character: There is no р in font larm1000!
Missing character: There is no а in font larm1000!
Missing character: There is no ж in font larm1000!
Missing character: There is no е in font larm1000!
Missing character: There is no н in font larm1000!
Missing character: There is no н in font larm1000!
Missing character: There is no і in font larm1000!
Missing character: There is no п in font larm1000!
Missing character: There is no р in font larm1000!
Missing character: There is no о in font larm1000!
Missing character: There is no д in font larm1000!
Missing character: There is no е in font larm1000!
Missing character: There is no м in font larm1000!
Missing character: There is no о in font larm1000!
Missing character: There is no н in font larm1000!
Missing character: There is no с in font larm1000!
Missing character: There is no т in font larm1000!
Missing character: There is no р in font larm1000!
Missing character: There is no о in font larm1000!
Missing character: There is no в in font larm1000!
Missing character: There is no а in font larm1000!
Missing character: There is no н in font larm1000!
Missing character: There is no о in font larm1000!
Missing character: There is no р in font larm1000!
Missing character: There is no о in font larm1000!
Missing character: There is no б in font larm1000!
Missing character: There is no о in font larm1000!
Missing character: There is no т in font larm1000!
Missing character: There is no у in font larm1000!
Missing character: There is no п in font larm1000!
Missing character: There is no р in font larm1000!
Missing character: There is no о in font larm1000!
Missing character: There is no г in font larm1000!
Missing character: There is no р in font larm1000!
Missing character: There is no а in font larm1000!
Missing character: There is no м in font larm1000!
Missing character: There is no и in font larm1000!
File: Screenshot_2021-03-29_09-47-47.png Graphic file (type bmp)
<Screenshot_2021-03-29_09-47-47.png>
LaTeX Font Info:    Font shape `T1/phv/b/n' will be
(Font)              scaled to size 8.99994pt on input line 24.
Missing character: There is no З in font larm1000!
Missing character: There is no в in font larm1000!
Missing character: There is no і in font larm1000!
Missing character: There is no т in font larm1000!
Missing character: There is no з in font larm1000!
Missing character: There is no л in font larm1000!
Missing character: There is no а in font larm1000!
Missing character: There is no б in font larm1000!
Missing character: There is no о in font larm1000!
Missing character: There is no р in font larm1000!
Missing character: There is no а in font larm1000!
Missing character: There is no т in font larm1000!
Missing character: There is no о in font larm1000!
Missing character: There is no р in font larm1000!
Missing character: There is no н in font larm1000!
Missing character: There is no о in font larm1000!
Missing character: There is no ї in font larm1000!
Missing character: There is no р in font larm1000!
Missing character: There is no о in font larm1000!
Missing character: There is no б in font larm1000!
Missing character: There is no о in font larm1000!
Missing character: There is no т in font larm1000!
Missing character: There is no и in font larm1000!
Missing character: There is no С in font larm0700!
Missing character: There is no т in font larm0700!
Missing character: There is no в in font larm0700!
Missing character: There is no о in font larm0700!
Missing character: There is no р in font larm0700!
Missing character: There is no е in font larm0700!
Missing character: There is no н in font larm0700!
Missing character: There is no о in font larm0700!
Missing character: There is no с in font larm0700!
Missing character: There is no и in font larm0700!
Missing character: There is no с in font larm0700!
Missing character: There is no т in font larm0700!
Missing character: There is no е in font larm0700!
Missing character: There is no м in font larm0700!
Missing character: There is no о in font larm0700!
Missing character: There is no ю in font larm0700!
[1]
Missing character: There is no В in font larm1200!
Missing character: There is no и in font larm1200!
Missing character: There is no с in font larm1200!
Missing character: There is no н in font larm1200!
Missing character: There is no о in font larm1200!
Missing character: There is no в in font larm1200!
Missing character: There is no к in font larm1200!
Missing character: There is no и in font larm1200!
Missing character: There is no Б in font larm1000!
Missing character: There is no у in font larm1000!
Missing character: There is no л in font larm1000!
Missing character: There is no о in font larm1000!
Missing character: There is no р in font larm1000!
Missing character: There is no о in font larm1000!
Missing character: There is no з in font larm1000!
Missing character: There is no р in font larm1000!
Missing character: There is no о in font larm1000!
Missing character: There is no б in font larm1000!
Missing character: There is no л in font larm1000!
Missing character: There is no е in font larm1000!
Missing character: There is no н in font larm1000!
Missing character: There is no о in font larm1000!
Missing character: There is no п in font larm1000!
Missing character: There is no р in font larm1000!
Missing character: There is no о in font larm1000!
Missing character: There is no г in font larm1000!
Missing character: There is no р in font larm1000!
Missing character: There is no а in font larm1000!
Missing character: There is no м in font larm1000!
Missing character: There is no у in font larm1000!
Missing character: There is no з in font larm1000!
Missing character: There is no а in font larm1000!
Missing character: There is no д in font larm1000!
Missing character: There is no о in font larm1000!
Missing character: There is no п in font larm1000!
Missing character: There is no о in font larm1000!
Missing character: There is no м in font larm1000!
Missing character: There is no о in font larm1000!
Missing character: There is no г in font larm1000!
Missing character: There is no о in font larm1000!
Missing character: There is no ю in font larm1000!
Missing character: There is no я in font larm1000!
Missing character: There is no к in font larm1000!
Missing character: There is no а in font larm1000!
Missing character: There is no і in font larm1000!
Missing character: There is no н in font larm1000!
Missing character: There is no т in font larm1000!
Missing character: There is no е in font larm1000!
Missing character: There is no р in font larm1000!
Missing character: There is no а in font larm1000!
Missing character: There is no к in font larm1000!
Missing character: There is no т in font larm1000!
Missing character: There is no и in font larm1000!
Missing character: There is no в in font larm1000!
Missing character: There is no н in font larm1000!
Missing character: There is no о in font larm1000!
Missing character: There is no з in font larm1000!
Missing character: There is no а in font larm1000!
Missing character: There is no п in font larm1000!
Missing character: There is no о in font larm1000!
Missing character: There is no в in font larm1000!
Missing character: There is no н in font larm1000!
Missing character: There is no ю in font larm1000!
Missing character: There is no є in font larm1000!
Missing character: There is no б in font larm1000!
Missing character: There is no а in font larm1000!
Missing character: There is no з in font larm1000!
Missing character: There is no у in font larm1000!
Missing character: There is no д in font larm1000!
Missing character: There is no а in font larm1000!
Missing character: There is no н in font larm1000!
Missing character: There is no и in font larm1000!
Missing character: There is no х in font larm1000!
Missing character: There is no з in font larm1000!
Missing character: There is no б in font larm1000!
Missing character: There is no е in font larm1000!
Missing character: There is no р in font larm1000!
Missing character: There is no і in font larm1000!
Missing character: There is no г in font larm1000!
Missing character: There is no а in font larm1000!
Missing character: There is no є in font larm1000!
Missing character: There is no ї in font larm1000!
Missing character: There is no ї in font larm1000!
Missing character: There is no у in font larm1000!
Missing character: There is no ф in font larm1000!
Missing character: There is no а in font larm1000!
Missing character: There is no й in font larm1000!
Missing character: There is no л in font larm1000!
Missing character: There is no б in font larm1000!
Missing character: There is no т in font larm1000!
Missing character: There is no а in font larm1000!
Missing character: There is no з in font larm1000!
Missing character: There is no а in font larm1000!
Missing character: There is no в in font larm1000!
Missing character: There is no а in font larm1000!
Missing character: There is no н in font larm1000!
Missing character: There is no т in font larm1000!
Missing character: There is no а in font larm1000!
Missing character: There is no ж in font larm1000!
Missing character: There is no у in font larm1000!
Missing character: There is no є in font larm1000!
Missing character: There is no ї in font larm1000!
Missing character: There is no ї in font larm1000!
Missing character: There is no з in font larm1000!
Missing character: There is no ф in font larm1000!
Missing character: There is no а in font larm1000!
Missing character: There is no й in font larm1000!
Missing character: There is no л in font larm1000!
Missing character: There is no у in font larm1000!
)
Missing character: There is no П in font larm1440!
Missing character: There is no о in font larm1440!
Missing character: There is no к in font larm1440!
Missing character: There is no а in font larm1440!
Missing character: There is no ж in font larm1440!
Missing character: There is no ч in font larm1440!
Missing character: There is no и in font larm1440!
Missing character: There is no к in font larm1440!
Missing character: There is no ф in font larm1440!
Missing character: There is no а in font larm1440!
Missing character: There is no й in font larm1440!
Missing character: There is no л in font larm1440!
Missing character: There is no в in font larm1440!
 (./files.tex
Missing character: There is no Ф in font larm1200!
Missing character: There is no а in font larm1200!
Missing character: There is no й in font larm1200!
Missing character: There is no л in font larm1200!
Missing character: There is no и in font larm1200!
Missing character: There is no П in font larm1000!
Missing character: There is no о in font larm1000!
Missing character: There is no в in font larm1000!
Missing character: There is no н in font larm1000!
Missing character: There is no и in font larm1000!
Missing character: There is no й in font larm1000!
Missing character: There is no с in font larm1000!
Missing character: There is no п in font larm1000!
Missing character: There is no и in font larm1000!
Missing character: There is no с in font larm1000!
Missing character: There is no о in font larm1000!
Missing character: There is no к in font larm1000!
Missing character: There is no ф in font larm1000!
Missing character: There is no а in font larm1000!
Missing character: There is no й in font larm1000!
Missing character: There is no л in font larm1000!
Missing character: There is no і in font larm1000!
Missing character: There is no в in font larm1000!
)
Missing character: There is no Ф in font larm1440!
Missing character: There is no а in font larm1440!
Missing character: There is no й in font larm1440!
Missing character: There is no л in font larm1440!
Missing character: There is no и in font larm1440!
 (./lab3_8pro.tex
Missing character: There is no Ф in font larm1200!
Missing character: There is no а in font larm1200!
Missing character: There is no й in font larm1200!
Missing character: There is no л in font larm1200!
) (./lab3_8pro_source.tex
Missing character: There is no С in font larm0700!
Missing character: There is no т in font larm0700!
Missing character: There is no в in font larm0700!
Missing character: There is no о in font larm0700!
Missing character: There is no р in font larm0700!
Missing character: There is no е in font larm0700!
Missing character: There is no н in font larm0700!
Missing character: There is no о in font larm0700!
Missing character: There is no с in font larm0700!
Missing character: There is no и in font larm0700!
Missing character: There is no с in font larm0700!
Missing character: There is no т in font larm0700!
Missing character: There is no е in font larm0700!
Missing character: There is no м in font larm0700!
Missing character: There is no о in font larm0700!
Missing character: There is no ю in font larm0700!
 [2])
(./mainpage_8dox.tex
Missing character: There is no Ф in font larm1200!
Missing character: There is no а in font larm1200!
Missing character: There is no й in font larm1200!
Missing character: There is no л in font larm1200!
)
Missing character: There is no Ф in font larm1000!
Missing character: There is no а in font larm1000!
Missing character: There is no й in font larm1000!
Missing character: There is no л in font larm1000!
Missing character: There is no С in font larm0700!
Missing character: There is no т in font larm0700!
Missing character: There is no в in font larm0700!
Missing character: There is no о in font larm0700!
Missing character: There is no р in font larm0700!
Missing character: There is no е in font larm0700!
Missing character: There is no н in font larm0700!
Missing character: There is no о in font larm0700!
Missing character: There is no с in font larm0700!
Missing character: There is no и in font larm0700!
Missing character: There is no с in font larm0700!
Missing character: There is no т in font larm0700!
Missing character: There is no е in font larm0700!
Missing character: There is no м in font larm0700!
Missing character: There is no о in font larm0700!
Missing character: There is no ю in font larm0700!
 [3] [4

]
No file refman.ind.
Package atveryend Info: Empty hook `BeforeClearDocument' on input line 190.
Package atveryend Info: Empty hook `AfterLastShipout' on input line 190.
(./refman.aux)
Package atveryend Info: Empty hook `AtVeryEndDocument' on input line 190.
Package atveryend Info: Executing hook `AtEndAfterFileList' on input line 190.
Package rerunfilecheck Info: File `refman.out' has not changed.
(rerunfilecheck)             Checksum: EEF3EF0E004D7DE69456B0F965E05757;1722.


LaTeX Font Warning: Some font shapes were not available, defaults substituted.

 ) 
Here is how much of TeX's memory you used:
 17365 strings out of 479855
 252265 string characters out of 5902547
 547269 words of memory out of 5000000
 34516 multiletter control sequences out of 15000+600000
 545052 words of font info for 46 fonts, out of 8000000 for 9000
 1098 hyphenation exceptions out of 8191
 55i,15n,96p,942b,451s stack positions out of 5000i,500n,10000p,200000b,80000s

Output written on refman.pdf (5 pages).
