\BOOKMARK [1][-]{section.1}{\376\377\0001\000\040\004\027\004\062\004\126\004\102\000\040\004\067\000\040\004\073\004\060\004\061\004\076\004\100\004\060\004\102\004\076\004\100\004\075\004\070\004\105\000\040\004\100\004\076\004\061\004\126\004\102\000\040\0001\000-\0005}{}% 1
\BOOKMARK [2][-]{subsubsection.1.0.1}{\376\377\0001\000.\0000\000.\0001\000\040\004\037\004\076\004\101\004\102\004\060\004\075\004\076\004\062\004\072\004\060\000\040\004\067\004\060\004\064\004\060\004\107\004\126\000\040\004\073\004\060\004\061\004\076\004\100\004\060\004\102\004\076\004\100\004\075\004\076\004\127\000\040\004\100\004\076\004\061\004\076\004\102\004\070\000\040\041\026\0001}{section.1}% 2
\BOOKMARK [3][-]{subsubsection.1.0.2}{\376\377\0001\000.\0000\000.\0002\000\040\004\037\004\076\004\101\004\102\004\060\004\075\004\076\004\062\004\072\004\060\000\040\004\067\004\060\004\064\004\060\004\107\004\126\000\040\004\073\004\060\004\061\004\076\004\100\004\060\004\102\004\076\004\100\004\075\004\076\004\127\000\040\004\100\004\076\004\061\004\076\004\102\004\070\000\040\041\026\0002}{subsubsection.1.0.1}% 3
\BOOKMARK [3][-]{subsubsection.1.0.3}{\376\377\0001\000.\0000\000.\0003\000\040\004\037\004\076\004\101\004\102\004\060\004\075\004\076\004\062\004\072\004\060\000\040\004\067\004\060\004\064\004\060\004\107\004\126\000\040\004\073\004\060\004\061\004\076\004\100\004\060\004\102\004\076\004\100\004\075\004\076\004\127\000\040\004\100\004\076\004\061\004\076\004\102\004\070\000\040\041\026\0002}{subsubsection.1.0.1}% 4
\BOOKMARK [3][-]{subsubsection.1.0.4}{\376\377\0001\000.\0000\000.\0004\000\040\004\037\004\076\004\101\004\102\004\060\004\075\004\076\004\062\004\072\004\060\000\040\004\067\004\060\004\064\004\060\004\107\004\126\000\040\004\073\004\060\004\061\004\076\004\100\004\060\004\102\004\076\004\100\004\075\004\076\004\127\000\040\004\100\004\076\004\061\004\076\004\102\004\070\000\040\041\026\0004}{subsubsection.1.0.1}% 5
\BOOKMARK [3][-]{subsubsection.1.0.5}{\376\377\0001\000.\0000\000.\0005\000\040\004\037\004\076\004\101\004\102\004\060\004\075\004\076\004\062\004\072\004\060\000\040\004\067\004\060\004\064\004\060\004\107\004\126\000\040\004\073\004\060\004\061\004\076\004\100\004\060\004\102\004\076\004\100\004\075\004\076\004\127\000\040\004\100\004\076\004\061\004\076\004\102\004\070\000\040\041\026\0005}{subsubsection.1.0.1}% 6
\BOOKMARK [3][-]{subsubsection.1.0.6}{\376\377\0001\000.\0000\000.\0006\000\040\004\037\004\100\004\070\004\072\004\073\004\060\004\064\000\040\004\100\004\076\004\061\004\076\004\102\004\070\000\040\004\077\004\100\004\076\004\063\004\100\004\060\004\074\004\070}{subsubsection.1.0.1}% 7
\BOOKMARK [3][-]{subsubsection.1.0.7}{\376\377\0001\000.\0000\000.\0007\000\040\004\022\004\070\004\101\004\075\004\076\004\062\004\072\004\070}{subsubsection.1.0.1}% 8
\BOOKMARK [1][-]{section.2}{\376\377\0002\000\040\004\006\004\124\004\100\004\060\004\100\004\105\004\126\004\107\004\075\004\070\004\071\000\040\004\077\004\076\004\072\004\060\004\066\004\107\004\070\004\072\000\040\004\072\004\073\004\060\004\101\004\126\004\062}{}% 9
\BOOKMARK [2][-]{subsection.2.1}{\376\377\0002\000.\0001\000\040\004\006\004\124\004\100\004\060\004\100\004\105\004\126\004\117\000\040\004\072\004\073\004\060\004\101\004\126\004\062}{section.2}% 10
\BOOKMARK [1][-]{section.3}{\376\377\0003\000\040\004\020\004\073\004\104\004\060\004\062\004\126\004\102\004\075\004\070\004\071\000\040\004\077\004\076\004\072\004\060\004\066\004\107\004\070\004\072\000\040\004\072\004\073\004\060\004\101\004\126\004\062}{}% 11
\BOOKMARK [2][-]{subsection.3.1}{\376\377\0003\000.\0001\000\040\004\032\004\073\004\060\004\101\004\070}{section.3}% 12
\BOOKMARK [1][-]{section.4}{\376\377\0004\000\040\004\037\004\076\004\072\004\060\004\066\004\107\004\070\004\072\000\040\004\104\004\060\004\071\004\073\004\062}{}% 13
\BOOKMARK [2][-]{subsection.4.1}{\376\377\0004\000.\0001\000\040\004\044\004\060\004\071\004\073\004\070}{section.4}% 14
\BOOKMARK [1][-]{section.5}{\376\377\0005\000\040\004\032\004\073\004\060\004\101\004\070}{}% 15
\BOOKMARK [2][-]{subsection.5.1}{\376\377\0005\000.\0001\000\040\004\032\004\073\004\060\004\101\000\040\000L\000i\000n\000u\000x}{section.5}% 16
\BOOKMARK [3][-]{subsubsection.5.1.1}{\376\377\0005\000.\0001\000.\0001\000\040\004\024\004\065\004\102\004\060\004\073\004\114\004\075\004\070\004\071\000\040\004\076\004\077\004\070\004\101}{subsection.5.1}% 17
\BOOKMARK [3][-]{subsubsection.5.1.2}{\376\377\0005\000.\0001\000.\0002\000\040\004\032\004\076\004\075\004\101\004\102\004\100\004\103\004\072\004\102\004\076\004\100\000\050\004\070\000\051}{subsection.5.1}% 18
\BOOKMARK [3][-]{subsubsection.5.1.3}{\376\377\0005\000.\0001\000.\0003\000\040\004\036\004\077\004\070\004\101\000\040\004\074\004\065\004\102\004\076\004\064\004\126\004\062\000\040\004\072\004\076\004\074\004\077\004\076\004\075\004\065\004\075\004\102}{subsection.5.1}% 19
\BOOKMARK [3][-]{subsubsection.5.1.4}{\376\377\0005\000.\0001\000.\0004\000\040\004\032\004\076\004\074\004\077\004\076\004\075\004\065\004\075\004\102\004\075\004\126\000\040\004\064\004\060\004\075\004\126}{subsection.5.1}% 20
\BOOKMARK [2][-]{subsection.5.2}{\376\377\0005\000.\0002\000\040\004\032\004\073\004\060\004\101\000\040\000L\000i\000n\000u\000x\000M\000o\000d\000e\000l}{section.5}% 21
\BOOKMARK [3][-]{subsubsection.5.2.1}{\376\377\0005\000.\0002\000.\0001\000\040\004\024\004\065\004\102\004\060\004\073\004\114\004\075\004\070\004\071\000\040\004\076\004\077\004\070\004\101}{subsection.5.2}% 22
\BOOKMARK [3][-]{subsubsection.5.2.2}{\376\377\0005\000.\0002\000.\0002\000\040\004\032\004\076\004\075\004\101\004\102\004\100\004\103\004\072\004\102\004\076\004\100\000\050\004\070\000\051}{subsection.5.2}% 23
\BOOKMARK [3][-]{subsubsection.5.2.3}{\376\377\0005\000.\0002\000.\0003\000\040\004\036\004\077\004\070\004\101\000\040\004\074\004\065\004\102\004\076\004\064\004\126\004\062\000\040\004\072\004\076\004\074\004\077\004\076\004\075\004\065\004\075\004\102}{subsection.5.2}% 24
\BOOKMARK [3][-]{subsubsection.5.2.4}{\376\377\0005\000.\0002\000.\0004\000\040\004\032\004\076\004\074\004\077\004\076\004\075\004\065\004\075\004\102\004\075\004\126\000\040\004\064\004\060\004\075\004\126}{subsection.5.2}% 25
\BOOKMARK [2][-]{subsection.5.3}{\376\377\0005\000.\0003\000\040\004\032\004\073\004\060\004\101\000\040\000Q\000m\000l\000T\000r\000a\000n\000s\000l\000a\000t\000o\000r}{section.5}% 26
\BOOKMARK [3][-]{subsubsection.5.3.1}{\376\377\0005\000.\0003\000.\0001\000\040\004\024\004\065\004\102\004\060\004\073\004\114\004\075\004\070\004\071\000\040\004\076\004\077\004\070\004\101}{subsection.5.3}% 27
\BOOKMARK [3][-]{subsubsection.5.3.2}{\376\377\0005\000.\0003\000.\0002\000\040\004\032\004\076\004\075\004\101\004\102\004\100\004\103\004\072\004\102\004\076\004\100\000\050\004\070\000\051}{subsection.5.3}% 28
\BOOKMARK [3][-]{subsubsection.5.3.3}{\376\377\0005\000.\0003\000.\0003\000\040\004\036\004\077\004\070\004\101\000\040\004\074\004\065\004\102\004\076\004\064\004\126\004\062\000\040\004\072\004\076\004\074\004\077\004\076\004\075\004\065\004\075\004\102}{subsection.5.3}% 29
\BOOKMARK [3][-]{subsubsection.5.3.4}{\376\377\0005\000.\0003\000.\0004\000\040\004\032\004\076\004\074\004\077\004\076\004\075\004\065\004\075\004\102\004\075\004\126\000\040\004\064\004\060\004\075\004\126}{subsection.5.3}% 30
\BOOKMARK [1][-]{section.6}{\376\377\0006\000\040\004\044\004\060\004\071\004\073\004\070}{}% 31
\BOOKMARK [2][-]{subsection.6.1}{\376\377\0006\000.\0001\000\040\004\044\004\060\004\071\004\073\000\040\000H\000o\000m\000e\000F\000o\000r\000m\000.\000u\000i\000.\000q\000m\000l}{section.6}% 32
\BOOKMARK [2][-]{subsection.6.2}{\376\377\0006\000.\0002\000\040\000H\000o\000m\000e\000F\000o\000r\000m\000.\000u\000i\000.\000q\000m\000l}{section.6}% 33
\BOOKMARK [2][-]{subsection.6.3}{\376\377\0006\000.\0003\000\040\004\044\004\060\004\071\004\073\000\040\000l\000i\000n\000u\000x\000.\000c\000p\000p}{section.6}% 34
\BOOKMARK [2][-]{subsection.6.4}{\376\377\0006\000.\0004\000\040\000l\000i\000n\000u\000x\000.\000c\000p\000p}{section.6}% 35
\BOOKMARK [2][-]{subsection.6.5}{\376\377\0006\000.\0005\000\040\004\044\004\060\004\071\004\073\000\040\000l\000i\000n\000u\000x\000.\000h}{section.6}% 36
\BOOKMARK [2][-]{subsection.6.6}{\376\377\0006\000.\0006\000\040\000l\000i\000n\000u\000x\000.\000h}{section.6}% 37
\BOOKMARK [2][-]{subsection.6.7}{\376\377\0006\000.\0007\000\040\004\044\004\060\004\071\004\073\000\040\000L\000i\000n\000u\000x\000.\000q\000m\000l}{section.6}% 38
\BOOKMARK [2][-]{subsection.6.8}{\376\377\0006\000.\0008\000\040\000L\000i\000n\000u\000x\000.\000q\000m\000l}{section.6}% 39
\BOOKMARK [2][-]{subsection.6.9}{\376\377\0006\000.\0009\000\040\004\044\004\060\004\071\004\073\000\040\000L\000i\000n\000u\000x\000F\000o\000r\000m\000.\000u\000i\000.\000q\000m\000l}{section.6}% 40
\BOOKMARK [2][-]{subsection.6.10}{\376\377\0006\000.\0001\0000\000\040\000L\000i\000n\000u\000x\000F\000o\000r\000m\000.\000u\000i\000.\000q\000m\000l}{section.6}% 41
\BOOKMARK [2][-]{subsection.6.11}{\376\377\0006\000.\0001\0001\000\040\004\044\004\060\004\071\004\073\000\040\000l\000i\000n\000u\000x\000m\000o\000d\000e\000l\000.\000c\000p\000p}{section.6}% 42
\BOOKMARK [3][-]{subsubsection.6.11.1}{\376\377\0006\000.\0001\0001\000.\0001\000\040\004\036\004\077\004\070\004\101\000\040\004\067\004\074\004\126\004\075\004\075\004\070\004\105}{subsection.6.11}% 43
\BOOKMARK [2][-]{subsection.6.12}{\376\377\0006\000.\0001\0002\000\040\000l\000i\000n\000u\000x\000m\000o\000d\000e\000l\000.\000c\000p\000p}{section.6}% 44
\BOOKMARK [2][-]{subsection.6.13}{\376\377\0006\000.\0001\0003\000\040\004\044\004\060\004\071\004\073\000\040\000l\000i\000n\000u\000x\000m\000o\000d\000e\000l\000.\000h}{section.6}% 45
\BOOKMARK [2][-]{subsection.6.14}{\376\377\0006\000.\0001\0004\000\040\000l\000i\000n\000u\000x\000m\000o\000d\000e\000l\000.\000h}{section.6}% 46
\BOOKMARK [2][-]{subsection.6.15}{\376\377\0006\000.\0001\0005\000\040\004\044\004\060\004\071\004\073\000\040\000L\000i\000n\000u\000x\000V\000i\000e\000w\000.\000q\000m\000l}{section.6}% 47
\BOOKMARK [2][-]{subsection.6.16}{\376\377\0006\000.\0001\0006\000\040\000L\000i\000n\000u\000x\000V\000i\000e\000w\000.\000q\000m\000l}{section.6}% 48
\BOOKMARK [2][-]{subsection.6.17}{\376\377\0006\000.\0001\0007\000\040\004\044\004\060\004\071\004\073\000\040\000m\000a\000i\000n\000.\000c\000p\000p}{section.6}% 49
\BOOKMARK [3][-]{subsubsection.6.17.1}{\376\377\0006\000.\0001\0007\000.\0001\000\040\004\036\004\077\004\070\004\101\000\040\004\074\004\060\004\072\004\100\004\076\004\062\004\070\004\067\004\075\004\060\004\107\004\065\004\075\004\114}{subsection.6.17}% 50
\BOOKMARK [3][-]{subsubsection.6.17.2}{\376\377\0006\000.\0001\0007\000.\0002\000\040\004\036\004\077\004\070\004\101\000\040\004\104\004\103\004\075\004\072\004\106\004\126\004\071}{subsection.6.17}% 51
\BOOKMARK [3][-]{subsubsection.6.17.3}{\376\377\0006\000.\0001\0007\000.\0003\000\040\004\036\004\077\004\070\004\101\000\040\004\067\004\074\004\126\004\075\004\075\004\070\004\105}{subsection.6.17}% 52
\BOOKMARK [2][-]{subsection.6.18}{\376\377\0006\000.\0001\0008\000\040\000m\000a\000i\000n\000.\000c\000p\000p}{section.6}% 53
\BOOKMARK [2][-]{subsection.6.19}{\376\377\0006\000.\0001\0009\000\040\004\044\004\060\004\071\004\073\000\040\000m\000a\000i\000n\000.\000q\000m\000l}{section.6}% 54
\BOOKMARK [2][-]{subsection.6.20}{\376\377\0006\000.\0002\0000\000\040\000m\000a\000i\000n\000.\000q\000m\000l}{section.6}% 55
\BOOKMARK [2][-]{subsection.6.21}{\376\377\0006\000.\0002\0001\000\040\004\044\004\060\004\071\004\073\000\040\000m\000a\000i\000n\000p\000a\000g\000e\000.\000d\000o\000x}{section.6}% 56
\BOOKMARK [2][-]{subsection.6.22}{\376\377\0006\000.\0002\0002\000\040\004\044\004\060\004\071\004\073\000\040\000P\000i\000x\000y\000W\000o\000r\000l\000d\000.\000u\000i\000.\000q\000m\000l}{section.6}% 57
\BOOKMARK [2][-]{subsection.6.23}{\376\377\0006\000.\0002\0003\000\040\000P\000i\000x\000y\000W\000o\000r\000l\000d\000.\000u\000i\000.\000q\000m\000l}{section.6}% 58
\BOOKMARK [2][-]{subsection.6.24}{\376\377\0006\000.\0002\0004\000\040\004\044\004\060\004\071\004\073\000\040\000q\000m\000l\000t\000r\000a\000n\000s\000l\000a\000t\000o\000r\000.\000c\000p\000p}{section.6}% 59
\BOOKMARK [2][-]{subsection.6.25}{\376\377\0006\000.\0002\0005\000\040\000q\000m\000l\000t\000r\000a\000n\000s\000l\000a\000t\000o\000r\000.\000c\000p\000p}{section.6}% 60
\BOOKMARK [2][-]{subsection.6.26}{\376\377\0006\000.\0002\0006\000\040\004\044\004\060\004\071\004\073\000\040\000q\000m\000l\000t\000r\000a\000n\000s\000l\000a\000t\000o\000r\000.\000h}{section.6}% 61
\BOOKMARK [2][-]{subsection.6.27}{\376\377\0006\000.\0002\0007\000\040\000q\000m\000l\000t\000r\000a\000n\000s\000l\000a\000t\000o\000r\000.\000h}{section.6}% 62
