This is pdfTeX, Version 3.14159265-2.6-1.40.21 (TeX Live 2020/TeX Live for SUSE Linux) (preloaded format=pdflatex 2021.3.10)  10 MAR 2021 11:14
entering extended mode
 \write18 enabled.
 file:line:error style messages enabled.
 %&-line parsing enabled.
**index.tex
(./index.tex
LaTeX2e <2020-02-02> patch level 5
L3 programming layer <2020-04-06>

./index.tex:1: Package inputenc Error: Unicode character В (U+0412)
(inputenc)                not set up for use with LaTeX.

See the inputenc package documentation for explanation.
Type  H <return>  for immediate help.
 ...                                              
                                                  
l.1 В
      аріант 17\doxysection{Точкові методи обробки...

? 
./index.tex:1: Emergency stop.
 ...                                              
                                                  
l.1 В
      аріант 17\doxysection{Точкові методи обробки...

You may provide a definition with
\DeclareUnicodeCharacter 

 
Here is how much of TeX's memory you used:
 17 strings out of 481959
 602 string characters out of 5939830
 236300 words of memory out of 5000000
 15819 multiletter control sequences out of 15000+600000
 532338 words of font info for 24 fonts, out of 8000000 for 9000
 364 hyphenation exceptions out of 8191
 12i,0n,15p,159b,14s stack positions out of 5000i,500n,10000p,200000b,80000s
./index.tex:1:  ==> Fatal error occurred, no output PDF file produced!
