\BOOKMARK [0][-]{chapter.1}{\376\377\0001\000\040\004\027\004\062\004\126\004\102\000\040\004\067\000\040\004\073\004\060\004\061\004\076\004\100\004\060\004\102\004\076\004\100\004\075\004\070\004\105\000\040\004\100\004\076\004\061\004\126\004\102\000\040\041\026\0002\000\040\004\102\004\060\000\040\041\026\0003}{}% 1
\BOOKMARK [1][-]{subsection.1.0.1}{\376\377\0001\000.\0000\000.\0001\000\040\004\037\004\076\004\101\004\102\004\060\004\075\004\076\004\062\004\072\004\060\000\040\004\067\004\060\004\064\004\060\004\107\004\126\000\040\004\073\004\060\004\061\004\076\004\100\004\060\004\102\004\076\004\100\004\075\004\076\004\127\000\040\004\100\004\076\004\061\004\076\004\102\004\070\000\040\0002}{chapter.1}% 2
\BOOKMARK [2][-]{subsubsection.1.0.1.1}{\376\377\0001\000.\0000\000.\0001\000.\0001\000\040\004\027\004\060\004\062\004\064\004\060\004\075\004\075\004\117\000\040\004\006\000.}{subsection.1.0.1}% 3
\BOOKMARK [3][-]{subsubsection.1.0.1.2}{\376\377\0001\000.\0000\000.\0001\000.\0002\000\040\004\027\004\060\004\062\004\064\004\060\004\075\004\075\004\117\000\040\004\006\004\006\000.}{subsubsection.1.0.1.1}% 4
\BOOKMARK [2][-]{subsection.1.0.2}{\376\377\0001\000.\0000\000.\0002\000\040\004\033\004\060\004\061\004\076\004\100\004\060\004\102\004\076\004\100\004\075\004\060\000\040\004\100\004\076\004\061\004\076\004\102\004\060\000\040\0003}{subsection.1.0.1}% 5
\BOOKMARK [2][-]{subsection.1.0.3}{\376\377\0001\000.\0000\000.\0003\000\040\004\033\004\060\004\061\004\076\004\100\004\060\004\102\004\076\004\100\004\075\004\060\000\040\004\100\004\076\004\061\004\076\004\102\004\060\000\040\0001}{subsection.1.0.1}% 6
\BOOKMARK [3][-]{subsubsection.1.0.3.1}{\376\377\0001\000.\0000\000.\0003\000.\0001\000\040\004\027\004\060\004\062\004\064\004\060\004\075\004\075\004\117\000\040\004\006\000.}{subsection.1.0.3}% 7
\BOOKMARK [0][-]{chapter.2}{\376\377\0002\000\040\004\020\004\073\004\104\004\060\004\062\004\126\004\102\004\075\004\070\004\071\000\040\004\077\004\076\004\072\004\060\004\066\004\107\004\070\004\072\000\040\004\072\004\073\004\060\004\101\004\126\004\062}{}% 8
\BOOKMARK [1][-]{section.2.1}{\376\377\0002\000.\0001\000\040\004\032\004\073\004\060\004\101\004\070}{chapter.2}% 9
\BOOKMARK [0][-]{chapter.3}{\376\377\0003\000\040\004\037\004\076\004\072\004\060\004\066\004\107\004\070\004\072\000\040\004\104\004\060\004\071\004\073\004\062}{}% 10
\BOOKMARK [1][-]{section.3.1}{\376\377\0003\000.\0001\000\040\004\044\004\060\004\071\004\073\004\070}{chapter.3}% 11
\BOOKMARK [0][-]{chapter.4}{\376\377\0004\000\040\004\032\004\073\004\060\004\101\004\070}{}% 12
\BOOKMARK [1][-]{section.4.1}{\376\377\0004\000.\0001\000\040\004\032\004\073\004\060\004\101\000\040\000I\000m\000a\000g\000e}{chapter.4}% 13
\BOOKMARK [2][-]{subsection.4.1.1}{\376\377\0004\000.\0001\000.\0001\000\040\004\024\004\065\004\102\004\060\004\073\004\114\004\075\004\070\004\071\000\040\004\076\004\077\004\070\004\101}{section.4.1}% 14
\BOOKMARK [2][-]{subsection.4.1.2}{\376\377\0004\000.\0001\000.\0002\000\040\004\032\004\076\004\075\004\101\004\102\004\100\004\103\004\072\004\102\004\076\004\100\000\050\004\070\000\051}{section.4.1}% 15
\BOOKMARK [3][-]{subsubsection.4.1.2.1}{\376\377\0004\000.\0001\000.\0002\000.\0001\000\040\000I\000m\000a\000g\000e\000\050\000\051}{subsection.4.1.2}% 16
\BOOKMARK [2][-]{subsection.4.1.3}{\376\377\0004\000.\0001\000.\0003\000\040\004\036\004\077\004\070\004\101\000\040\004\074\004\065\004\102\004\076\004\064\004\126\004\062\000\040\004\072\004\076\004\074\004\077\004\076\004\075\004\065\004\075\004\102}{section.4.1}% 17
\BOOKMARK [3][-]{subsubsection.4.1.3.1}{\376\377\0004\000.\0001\000.\0003\000.\0001\000\040\000c\000a\000l\000c\000H\000i\000s\000t\000o\000g\000r\000a\000m\000\050\000\051}{subsection.4.1.3}% 18
\BOOKMARK [3][-]{subsubsection.4.1.3.2}{\376\377\0004\000.\0001\000.\0003\000.\0002\000\040\000d\000i\000l\000a\000t\000e\000\050\000\051}{subsection.4.1.3}% 19
\BOOKMARK [3][-]{subsubsection.4.1.3.3}{\376\377\0004\000.\0001\000.\0003\000.\0003\000\040\000d\000i\000s\000s\000e\000c\000t\000\050\000\051}{subsection.4.1.3}% 20
\BOOKMARK [3][-]{subsubsection.4.1.3.4}{\376\377\0004\000.\0001\000.\0003\000.\0004\000\040\000e\000r\000o\000d\000e\000\050\000\051}{subsection.4.1.3}% 21
\BOOKMARK [3][-]{subsubsection.4.1.3.5}{\376\377\0004\000.\0001\000.\0003\000.\0005\000\040\000f\000r\000o\000m\000F\000i\000l\000e\000\050\000\051}{subsection.4.1.3}% 22
\BOOKMARK [3][-]{subsubsection.4.1.3.6}{\376\377\0004\000.\0001\000.\0003\000.\0006\000\040\000t\000o\000G\000r\000a\000y\000\050\000\051}{subsection.4.1.3}% 23
\BOOKMARK [2][-]{subsection.4.1.4}{\376\377\0004\000.\0001\000.\0004\000\040\004\032\004\076\004\074\004\077\004\076\004\075\004\065\004\075\004\102\004\075\004\126\000\040\004\064\004\060\004\075\004\126}{section.4.1}% 24
\BOOKMARK [3][-]{subsubsection.4.1.4.1}{\376\377\0004\000.\0001\000.\0004\000.\0001\000\040\000d\000a\000t\000a}{subsection.4.1.4}% 25
\BOOKMARK [3][-]{subsubsection.4.1.4.2}{\376\377\0004\000.\0001\000.\0004\000.\0002\000\040\000h\000e\000i\000g\000h\000t}{subsection.4.1.4}% 26
\BOOKMARK [3][-]{subsubsection.4.1.4.3}{\376\377\0004\000.\0001\000.\0004\000.\0003\000\040\000w\000i\000d\000t\000h}{subsection.4.1.4}% 27
\BOOKMARK [1][-]{section.4.2}{\376\377\0004\000.\0002\000\040\004\032\004\073\004\060\004\101\000\040\000I\000m\000a\000g\000e\000D\000a\000t\000a}{chapter.4}% 28
\BOOKMARK [2][-]{subsection.4.2.1}{\376\377\0004\000.\0002\000.\0001\000\040\004\024\004\065\004\102\004\060\004\073\004\114\004\075\004\070\004\071\000\040\004\076\004\077\004\070\004\101}{section.4.2}% 29
\BOOKMARK [2][-]{subsection.4.2.2}{\376\377\0004\000.\0002\000.\0002\000\040\004\032\004\076\004\075\004\101\004\102\004\100\004\103\004\072\004\102\004\076\004\100\000\050\004\070\000\051}{section.4.2}% 30
\BOOKMARK [3][-]{subsubsection.4.2.2.1}{\376\377\0004\000.\0002\000.\0002\000.\0001\000\040\000I\000m\000a\000g\000e\000D\000a\000t\000a\000\050\000\051}{subsection.4.2.2}% 31
\BOOKMARK [2][-]{subsection.4.2.3}{\376\377\0004\000.\0002\000.\0003\000\040\004\036\004\077\004\070\004\101\000\040\004\074\004\065\004\102\004\076\004\064\004\126\004\062\000\040\004\072\004\076\004\074\004\077\004\076\004\075\004\065\004\075\004\102}{section.4.2}% 32
\BOOKMARK [3][-]{subsubsection.4.2.3.1}{\376\377\0004\000.\0002\000.\0003\000.\0001\000\040\000c\000o\000p\000y\000H\000i\000s\000t\000o\000g\000r\000a\000m\000\050\000\051}{subsection.4.2.3}% 33
\BOOKMARK [3][-]{subsubsection.4.2.3.2}{\376\377\0004\000.\0002\000.\0003\000.\0002\000\040\000e\000q\000u\000a\000l\000i\000z\000e\000\050\000\051}{subsection.4.2.3}% 34
\BOOKMARK [2][-]{subsection.4.2.4}{\376\377\0004\000.\0002\000.\0004\000\040\004\032\004\076\004\074\004\077\004\076\004\075\004\065\004\075\004\102\004\075\004\126\000\040\004\064\004\060\004\075\004\126}{section.4.2}% 35
\BOOKMARK [3][-]{subsubsection.4.2.4.1}{\376\377\0004\000.\0002\000.\0004\000.\0001\000\040\000h\000i\000s\000t\000o\000g\000r\000a\000m\000F}{subsection.4.2.4}% 36
\BOOKMARK [3][-]{subsubsection.4.2.4.2}{\376\377\0004\000.\0002\000.\0004\000.\0002\000\040\000h\000i\000s\000t\000o\000g\000r\000a\000m\000I}{subsection.4.2.4}% 37
\BOOKMARK [3][-]{subsubsection.4.2.4.3}{\376\377\0004\000.\0002\000.\0004\000.\0003\000\040\000i\000m\000a\000g\000e}{subsection.4.2.4}% 38
\BOOKMARK [3][-]{subsubsection.4.2.4.4}{\376\377\0004\000.\0002\000.\0004\000.\0004\000\040\000m\000a\000x\000H\000i\000s\000t\000o\000g\000r\000a\000m\000F}{subsection.4.2.4}% 39
\BOOKMARK [3][-]{subsubsection.4.2.4.5}{\376\377\0004\000.\0002\000.\0004\000.\0005\000\040\000m\000a\000x\000H\000i\000s\000t\000o\000g\000r\000a\000m\000I}{subsection.4.2.4}% 40
\BOOKMARK [1][-]{section.4.3}{\376\377\0004\000.\0003\000\040\004\032\004\073\004\060\004\101\000\040\000P\000r\000o\000c\000e\000s\000s\000o\000r}{chapter.4}% 41
\BOOKMARK [2][-]{subsection.4.3.1}{\376\377\0004\000.\0003\000.\0001\000\040\004\024\004\065\004\102\004\060\004\073\004\114\004\075\004\070\004\071\000\040\004\076\004\077\004\070\004\101}{section.4.3}% 42
\BOOKMARK [2][-]{subsection.4.3.2}{\376\377\0004\000.\0003\000.\0002\000\040\004\032\004\076\004\075\004\101\004\102\004\100\004\103\004\072\004\102\004\076\004\100\000\050\004\070\000\051}{section.4.3}% 43
\BOOKMARK [3][-]{subsubsection.4.3.2.1}{\376\377\0004\000.\0003\000.\0002\000.\0001\000\040\000P\000r\000o\000c\000e\000s\000s\000o\000r\000\050\000\051}{subsection.4.3.2}% 44
\BOOKMARK [2][-]{subsection.4.3.3}{\376\377\0004\000.\0003\000.\0003\000\040\004\036\004\077\004\070\004\101\000\040\004\074\004\065\004\102\004\076\004\064\004\126\004\062\000\040\004\072\004\076\004\074\004\077\004\076\004\075\004\065\004\075\004\102}{section.4.3}% 45
\BOOKMARK [3][-]{subsubsection.4.3.3.1}{\376\377\0004\000.\0003\000.\0003\000.\0001\000\040\000p\000r\000o\000c\000e\000s\000s\000\137\000i\000m\000a\000g\000e\000\050\000\051}{subsection.4.3.3}% 46
\BOOKMARK [3][-]{subsubsection.4.3.3.2}{\376\377\0004\000.\0003\000.\0003\000.\0002\000\040\000u\000p\000d\000a\000t\000e\000D\000i\000s\000s\000e\000c\000t\000i\000o\000n\000\050\000\051}{subsection.4.3.3}% 47
\BOOKMARK [2][-]{subsection.4.3.4}{\376\377\0004\000.\0003\000.\0004\000\040\004\032\004\076\004\074\004\077\004\076\004\075\004\065\004\075\004\102\004\075\004\126\000\040\004\064\004\060\004\075\004\126}{section.4.3}% 48
\BOOKMARK [3][-]{subsubsection.4.3.4.1}{\376\377\0004\000.\0003\000.\0004\000.\0001\000\040\000d\000a\000t\000a}{subsection.4.3.4}% 49
\BOOKMARK [3][-]{subsubsection.4.3.4.2}{\376\377\0004\000.\0003\000.\0004\000.\0002\000\040\000d\000i\000l\000a\000t\000e}{subsection.4.3.4}% 50
\BOOKMARK [3][-]{subsubsection.4.3.4.3}{\376\377\0004\000.\0003\000.\0004\000.\0003\000\040\000d\000i\000l\000a\000t\000e\000\137\000p\000a\000r\000a\000m\000s}{subsection.4.3.4}% 51
\BOOKMARK [3][-]{subsubsection.4.3.4.4}{\376\377\0004\000.\0003\000.\0004\000.\0004\000\040\000d\000i\000s\000s\000e\000c\000t\000e\000d}{subsection.4.3.4}% 52
\BOOKMARK [3][-]{subsubsection.4.3.4.5}{\376\377\0004\000.\0003\000.\0004\000.\0005\000\040\000d\000i\000s\000s\000e\000c\000t\000i\000o\000n}{subsection.4.3.4}% 53
\BOOKMARK [3][-]{subsubsection.4.3.4.6}{\376\377\0004\000.\0003\000.\0004\000.\0006\000\040\000d\000i\000s\000s\000e\000c\000t\000i\000o\000n\000\137\000x}{subsection.4.3.4}% 54
\BOOKMARK [3][-]{subsubsection.4.3.4.7}{\376\377\0004\000.\0003\000.\0004\000.\0007\000\040\000d\000i\000s\000s\000e\000c\000t\000i\000o\000n\000\137\000y}{subsection.4.3.4}% 55
\BOOKMARK [3][-]{subsubsection.4.3.4.8}{\376\377\0004\000.\0003\000.\0004\000.\0008\000\040\000d\000i\000s\000s\000e\000c\000t\000i\000o\000n\000F}{subsection.4.3.4}% 56
\BOOKMARK [3][-]{subsubsection.4.3.4.9}{\376\377\0004\000.\0003\000.\0004\000.\0009\000\040\000e\000r\000o\000d\000e}{subsection.4.3.4}% 57
\BOOKMARK [3][-]{subsubsection.4.3.4.10}{\376\377\0004\000.\0003\000.\0004\000.\0001\0000\000\040\000e\000r\000o\000d\000e\000\137\000p\000a\000r\000a\000m\000s}{subsection.4.3.4}% 58
\BOOKMARK [3][-]{subsubsection.4.3.4.11}{\376\377\0004\000.\0003\000.\0004\000.\0001\0001\000\040\000o\000r\000i\000g}{subsection.4.3.4}% 59
\BOOKMARK [3][-]{subsubsection.4.3.4.12}{\376\377\0004\000.\0003\000.\0004\000.\0001\0002\000\040\000t\000e\000x\000t\000u\000r\000e}{subsection.4.3.4}% 60
\BOOKMARK [0][-]{chapter.5}{\376\377\0005\000\040\004\044\004\060\004\071\004\073\004\070}{}% 61
\BOOKMARK [1][-]{section.5.1}{\376\377\0005\000.\0001\000\040\004\044\004\060\004\071\004\073\000\040\000i\000m\000a\000g\000e\000.\000c\000p\000p}{chapter.5}% 62
\BOOKMARK [2][-]{subsection.5.1.1}{\376\377\0005\000.\0001\000.\0001\000\040\004\036\004\077\004\070\004\101\000\040\004\074\004\060\004\072\004\100\004\076\004\062\004\070\004\067\004\075\004\060\004\107\004\065\004\075\004\114}{section.5.1}% 63
\BOOKMARK [3][-]{subsubsection.5.1.1.1}{\376\377\0005\000.\0001\000.\0001\000.\0001\000\040\000S\000T\000B\000\137\000I\000M\000A\000G\000E\000\137\000I\000M\000P\000L\000E\000M\000E\000N\000T\000A\000T\000I\000O\000N}{subsection.5.1.1}% 64
\BOOKMARK [1][-]{section.5.2}{\376\377\0005\000.\0002\000\040\004\044\004\060\004\071\004\073\000\040\000i\000m\000a\000g\000e\000.\000h}{chapter.5}% 65
\BOOKMARK [2][-]{subsection.5.2.1}{\376\377\0005\000.\0002\000.\0001\000\040\004\036\004\077\004\070\004\101\000\040\004\074\004\060\004\072\004\100\004\076\004\062\004\070\004\067\004\075\004\060\004\107\004\065\004\075\004\114}{section.5.2}% 66
\BOOKMARK [3][-]{subsubsection.5.2.1.1}{\376\377\0005\000.\0002\000.\0001\000.\0001\000\040\000C\000O\000M\000P}{subsection.5.2.1}% 67
\BOOKMARK [2][-]{subsection.5.2.2}{\376\377\0005\000.\0002\000.\0002\000\040\004\036\004\077\004\070\004\101\000\040\004\062\004\070\004\067\004\075\004\060\004\107\004\065\004\075\004\114\000\040\004\102\004\070\004\077\004\126\004\062}{section.5.2}% 68
\BOOKMARK [3][-]{subsubsection.5.2.2.1}{\376\377\0005\000.\0002\000.\0002\000.\0001\000\040\000c\000h\000a\000n\000n\000e\000l\000\137\000t}{subsection.5.2.2}% 69
\BOOKMARK [3][-]{subsubsection.5.2.2.2}{\376\377\0005\000.\0002\000.\0002\000.\0002\000\040\000p\000i\000x\000e\000l\000\137\000t}{subsection.5.2.2}% 70
\BOOKMARK [1][-]{section.5.3}{\376\377\0005\000.\0003\000\040\004\044\004\060\004\071\004\073\000\040\000i\000m\000a\000g\000e\000d\000a\000t\000a\000.\000c\000p\000p}{chapter.5}% 71
\BOOKMARK [1][-]{section.5.4}{\376\377\0005\000.\0004\000\040\004\044\004\060\004\071\004\073\000\040\000i\000m\000a\000g\000e\000d\000a\000t\000a\000.\000h}{chapter.5}% 72
\BOOKMARK [1][-]{section.5.5}{\376\377\0005\000.\0005\000\040\004\044\004\060\004\071\004\073\000\040\000m\000a\000i\000n\000.\000c\000p\000p}{chapter.5}% 73
\BOOKMARK [2][-]{subsection.5.5.1}{\376\377\0005\000.\0005\000.\0001\000\040\004\036\004\077\004\070\004\101\000\040\004\074\004\060\004\072\004\100\004\076\004\062\004\070\004\067\004\075\004\060\004\107\004\065\004\075\004\114}{section.5.5}% 74
\BOOKMARK [3][-]{subsubsection.5.5.1.1}{\376\377\0005\000.\0005\000.\0001\000.\0001\000\040\000P\000R\000O\000J\000E\000C\000T\000\137\000N\000A\000M\000E}{subsection.5.5.1}% 75
\BOOKMARK [2][-]{subsection.5.5.2}{\376\377\0005\000.\0005\000.\0002\000\040\004\036\004\077\004\070\004\101\000\040\004\104\004\103\004\075\004\072\004\106\004\126\004\071}{section.5.5}% 76
\BOOKMARK [3][-]{subsubsection.5.5.2.1}{\376\377\0005\000.\0005\000.\0002\000.\0001\000\040\000m\000a\000i\000n\000\050\000\051}{subsection.5.5.2}% 77
\BOOKMARK [1][-]{section.5.6}{\376\377\0005\000.\0006\000\040\004\044\004\060\004\071\004\073\000\040\000m\000a\000i\000n\000p\000a\000g\000e\000.\000d\000o\000x}{chapter.5}% 78
\BOOKMARK [1][-]{section.5.7}{\376\377\0005\000.\0007\000\040\004\044\004\060\004\071\004\073\000\040\000p\000r\000o\000c\000e\000s\000s\000o\000r\000.\000c\000p\000p}{chapter.5}% 79
\BOOKMARK [1][-]{section.5.8}{\376\377\0005\000.\0008\000\040\004\044\004\060\004\071\004\073\000\040\000p\000r\000o\000c\000e\000s\000s\000o\000r\000.\000h}{chapter.5}% 80
